<?xml version="1.0" encoding="UTF-8" ?>
<testsuite errors="0" failures="0" hostname="Luke" name="oop_ca5_tvmaze.PersonStoreTest" skipped="0" tests="10" time="1.094" timestamp="2017-04-28T11:24:28">
  <properties>
    <property name="libs.jsp-compiler.javadoc" value="" />
    <property name="netbeans.autoupdate.country" value="IE" />
    <property name="javac.test.classpath" value="C:\Users\Luke\Documents\College\Year2\OOProg2\javax.json-1.0.4.jar:C:\Users\Luke\Documents\College\Year2\OOProg2\commons-lang3-3.5.jar:build/classes:C:\Program Files\NetBeans 8.1\platform\modules\ext\junit-4.12.jar:C:\Program Files\NetBeans 8.1\platform\modules\ext\hamcrest-core-1.3.jar:C:\Users\Luke\Documents\College\Year2\OOProg2\hamcrest-all-1.3.jar" />
    <property name="libs.jsf20.maven-pom" value="" />
    <property name="libs.DataBindingME.src" value="C:\Program Files\NetBeans 8.1\mobility\sources\netbeans_databindingme-src.zip" />
    <property name="libs.spring-webmvc4.0.src" value="" />
    <property name="javac.includes" value="oop_ca5_tvmaze/PersonStoreTest.java" />
    <property name="ant.core.lib" value="C:\Program Files\NetBeans 8.1\extide\ant\lib\ant.jar" />
    <property name="javadoc.windowtitle" value="" />
    <property name="libs.jsp-compilation.javadoc" value="" />
    <property name="user.dir" value="C:\Users\Luke\Documents\College\Year2\OOProg2\OOP-CA5Final" />
    <property name="libs.javaee-api-7.0.src" value="" />
    <property name="java.vm.version" value="25.91-b14" />
    <property name="libs.DataBindingME.classpath" value="C:\Program Files\NetBeans 8.1\mobility\modules\ext\netbeans_databindingme.jar" />
    <property name="libs.j2me_common_ant.src" value="" />
    <property name="libs.MySQLDriver.classpath" value="C:\Program Files\NetBeans 8.1\ide\modules\ext\mysql-connector-java-5.1.23-bin.jar" />
    <property name="libs.eclipselinkmodelgen.src" value="" />
    <property name="javadoc.notree" value="false" />
    <property name="netbeans.autoupdate.version" value="1.23" />
    <property name="libs.javaee-web-api-6.0.classpath" value="C:\Program Files\NetBeans 8.1\enterprise\modules\ext\javaee-web-api-6.0.jar" />
    <property name="libs.DataBindingME-PIM.maven-pom" value="" />
    <property name="javac.profile.cmd.line.arg" value="" />
    <property name="jdk.home" value="C:\Program Files\Java\jdk1.8.0_91" />
    <property name="libs.javac-api.src" value="" />
    <property name="javadoc.noindex" value="false" />
    <property name="libs.jpa2-persistence.classpath" value="C:\Program Files\NetBeans 8.1\java\modules\ext\hibernate4\hibernate-jpa-2.1-api-1.0.0.Final.jar" />
    <property name="sun.os.patch.level" value="" />
    <property name="do.archive+manifest.available" value="true" />
    <property name="java.vm.specification.name" value="Java Virtual Machine Specification" />
    <property name="nb.show.statistics.ui" value="usageStatisticsEnabled" />
    <property name="netbeans.autoupdate.variant" value="" />
    <property name="have.tests" value="true" />
    <property name="org.xml.sax.driver" value="com.sun.org.apache.xerces.internal.jaxp.SAXParserImpl$JAXPSAXParser" />
    <property name="libs.hamcrest.classpath" value="C:\Program Files\NetBeans 8.1\platform\modules\ext\hamcrest-core-1.3.jar" />
    <property name="libs.javac-api.javadoc" value="" />
    <property name="os.name" value="Windows 8.1" />
    <property name="test.class" value="oop_ca5_tvmaze.PersonStoreTest" />
    <property name="libs.beans-binding.classpath" value="C:\Program Files\NetBeans 8.1\java\modules\ext\beansbinding-1.2.1.jar" />
    <property name="libs.javaee-endorsed-api-7.0.maven-pom" value="" />
    <property name="ap.proc.none.internal" value="" />
    <property name="libs.DataBindingME-SVG.javadoc" value="C:\Program Files\NetBeans 8.1\mobility\modules\docs\netbeans_databindingme_svg-api.zip" />
    <property name="libs.restapi.javadoc" value="" />
    <property name="libs.JWSAntTasks.maven-pom" value="" />
    <property name="libs.jstl.classpath" value="C:\Program Files\NetBeans 8.1\enterprise\modules\ext\jstl-impl.jar;C:\Program Files\NetBeans 8.1\enterprise\modules\ext\jstl-api.jar" />
    <property name="libs.testng.src" value="" />
    <property name="libs.spring-webmvc3.0.src" value="" />
    <property name="libs.restapi.classpath" value="C:\Program Files\NetBeans 8.1\enterprise\modules\ext\jaxrs-2.0\javax.ws.rs-api-2.0.jar" />
    <property name="java.vendor.url.bug" value="http://bugreport.sun.com/bugreport/" />
    <property name="libs.jaxb.maven-pom" value="" />
    <property name="os.arch" value="amd64" />
    <property name="libs.eclipselink.src" value="" />
    <property name="user.name" value="Luke" />
    <property name="libs.jsf12.javadoc" value="C:\Program Files\NetBeans 8.1\enterprise\docs\javaee-doc-api.jar" />
    <property name="copylibs.rebase" value="true" />
    <property name="libs.j2me_common_ant.maven-pom" value="" />
    <property name="libs.spring-webmvc3.0.maven-pom" value="" />
    <property name="libs.swing-layout.maven-pom" value="" />
    <property name="sun.java.command" value="org.apache.tools.ant.taskdefs.optional.junit.JUnitTestRunner oop_ca5_tvmaze.PersonStoreTest skipNonTests=false filtertrace=true haltOnError=false haltOnFailure=false showoutput=true outputtoformatters=true logfailedtests=true threadid=0 logtestlistenerevents=true formatter=org.apache.tools.ant.taskdefs.optional.junit.BriefJUnitResultFormatter formatter=org.apache.tools.ant.taskdefs.optional.junit.XMLJUnitResultFormatter,C:\Users\Luke\Documents\College\Year2\OOProg2\OOP-CA5Final\build\test\results\TEST-oop_ca5_tvmaze.PersonStoreTest.xml crashfile=C:\Users\Luke\Documents\College\Year2\OOProg2\OOP-CA5Final\build\junitvmwatcher1657280234973840234.properties propsfile=C:\Users\Luke\Documents\College\Year2\OOProg2\OOP-CA5Final\build\junit3561390819238855665.properties" />
    <property name="build.classes.dir" value="build/classes" />
    <property name="netbeans.accept_license_class" value="org.netbeans.license.AcceptLicense" />
    <property name="build.sysclasspath" value="ignore" />
    <property name="manifest.encoding" value="UTF-8" />
    <property name="ap.supported.internal" value="true" />
    <property name="java.failonerror" value="true" />
    <property name="libs.javaee-endorsed-api-7.0.javadoc" value="C:\Program Files\NetBeans 8.1\enterprise\docs\javaee-doc-api.jar" />
    <property name="libs.jaxws21.javadoc" value="C:\Program Files\NetBeans 8.1\java\docs\jaxws-api-doc.zip" />
    <property name="libs.spring-webmvc4.0.javadoc" value="" />
    <property name="includes" value="**" />
    <property name="user.country" value="IE" />
    <property name="manifest.file" value="manifest.mf" />
    <property name="javadoc.encoding" value="UTF-8" />
    <property name="javac.classpath" value="C:\Users\Luke\Documents\College\Year2\OOProg2\javax.json-1.0.4.jar:C:\Users\Luke\Documents\College\Year2\OOProg2\commons-lang3-3.5.jar" />
    <property name="libs.jsp-compilation-syscp.src" value="" />
    <property name="libs.spring-framework400.classpath" value="C:\Program Files\NetBeans 8.1\ide\modules\org-apache-commons-logging.jar;C:\Program Files\NetBeans 8.1\java\modules\ext\cglib-2.2.jar;C:\Program Files\NetBeans 8.1\java\modules\ext\spring-4\spring-aop-4.0.1.RELEASE.jar;C:\Program Files\NetBeans 8.1\java\modules\ext\spring-4\spring-aspects-4.0.1.RELEASE.jar;C:\Program Files\NetBeans 8.1\java\modules\ext\spring-4\spring-beans-4.0.1.RELEASE.jar;C:\Program Files\NetBeans 8.1\java\modules\ext\spring-4\spring-build-src-4.0.1.RELEASE.jar;C:\Program Files\NetBeans 8.1\java\modules\ext\spring-4\spring-context-4.0.1.RELEASE.jar;C:\Program Files\NetBeans 8.1\java\modules\ext\spring-4\spring-context-support-4.0.1.RELEASE.jar;C:\Program Files\NetBeans 8.1\java\modules\ext\spring-4\spring-core-4.0.1.RELEASE.jar;C:\Program Files\NetBeans 8.1\java\modules\ext\spring-4\spring-expression-4.0.1.RELEASE.jar;C:\Program Files\NetBeans 8.1\java\modules\ext\spring-4\spring-framework-bom-4.0.1.RELEASE.jar;C:\Program Files\NetBeans 8.1\java\modules\ext\spring-4\spring-instrument-4.0.1.RELEASE.jar;C:\Program Files\NetBeans 8.1\java\modules\ext\spring-4\spring-instrument-tomcat-4.0.1.RELEASE.jar;C:\Program Files\NetBeans 8.1\java\modules\ext\spring-4\spring-jdbc-4.0.1.RELEASE.jar;C:\Program Files\NetBeans 8.1\java\modules\ext\spring-4\spring-jms-4.0.1.RELEASE.jar;C:\Program Files\NetBeans 8.1\java\modules\ext\spring-4\spring-messaging-4.0.1.RELEASE.jar;C:\Program Files\NetBeans 8.1\java\modules\ext\spring-4\spring-orm-4.0.1.RELEASE.jar;C:\Program Files\NetBeans 8.1\java\modules\ext\spring-4\spring-oxm-4.0.1.RELEASE.jar;C:\Program Files\NetBeans 8.1\java\modules\ext\spring-4\spring-test-4.0.1.RELEASE.jar;C:\Program Files\NetBeans 8.1\java\modules\ext\spring-4\spring-tx-4.0.1.RELEASE.jar;C:\Program Files\NetBeans 8.1\java\modules\ext\spring-4\spring-web-4.0.1.RELEASE.jar;C:\Program Files\NetBeans 8.1\java\modules\ext\spring-4\spring-webmvc-4.0.1.RELEASE.jar;C:\Program Files\NetBeans 8.1\java\modules\ext\spring-4\spring-webmvc-portlet-4.0.1.RELEASE.jar;C:\Program Files\NetBeans 8.1\java\modules\ext\spring-4\spring-websocket-4.0.1.RELEASE.jar" />
    <property name="debug-transport" value="dt_shmem" />
    <property name="netbeans.home" value="C:\Program Files\NetBeans 8.1\platform" />
    <property name="build.compiler.emacs" value="true" />
    <property name="libs.javaee-web-api-6.0.src" value="" />
    <property name="libs.jsp-compilation-syscp.classpath" value="C:\Program Files\NetBeans 8.1\extide\ant\lib\ant.jar;C:\Program Files\NetBeans 8.1\enterprise\modules\ext\servlet3.1-jsp2.3-api.jar;C:\Program Files\NetBeans 8.1\enterprise\modules\ext\glassfish-jspparser-4.0.jar;C:\Program Files\NetBeans 8.1\enterprise\modules\ext\jstl-impl.jar;C:\Program Files\NetBeans 8.1\enterprise\modules\ext\jsf-2_2\javax.faces.jar" />
    <property name="java.endorsed.dirs" value="C:\Program Files\Java\jdk1.8.0_91\jre\lib\endorsed" />
    <property name="libs.groovy-all.src" value="" />
    <property name="test.includes" value="oop_ca5_tvmaze/PersonStoreTest.java" />
    <property name="netbeans.dynamic.classpath" value="C:\Program Files\NetBeans 8.1\platform\core\asm-all-5.0.1.jar;C:\Program Files\NetBeans 8.1\platform\core\core-base.jar;C:\Program Files\NetBeans 8.1\platform\core\core.jar;C:\Program Files\NetBeans 8.1\platform\core\org-netbeans-libs-asm.jar;C:\Program Files\NetBeans 8.1\platform\core\org-openide-filesystems-compat8.jar;C:\Program Files\NetBeans 8.1\platform\core\org-openide-filesystems.jar;C:\Program Files\NetBeans 8.1\platform\core\locale\core-base_ja.jar;C:\Program Files\NetBeans 8.1\platform\core\locale\core-base_pt_BR.jar;C:\Program Files\NetBeans 8.1\platform\core\locale\core-base_ru.jar;C:\Program Files\NetBeans 8.1\platform\core\locale\core-base_zh_CN.jar;C:\Program Files\NetBeans 8.1\platform\core\locale\core_ja.jar;C:\Program Files\NetBeans 8.1\platform\core\locale\core_pt_BR.jar;C:\Program Files\NetBeans 8.1\platform\core\locale\core_ru.jar;C:\Program Files\NetBeans 8.1\platform\core\locale\core_zh_CN.jar;C:\Program Files\NetBeans 8.1\platform\core\locale\org-netbeans-libs-asm_ja.jar;C:\Program Files\NetBeans 8.1\platform\core\locale\org-netbeans-libs-asm_pt_BR.jar;C:\Program Files\NetBeans 8.1\platform\core\locale\org-netbeans-libs-asm_ru.jar;C:\Program Files\NetBeans 8.1\platform\core\locale\org-netbeans-libs-asm_zh_CN.jar;C:\Program Files\NetBeans 8.1\platform\core\locale\org-openide-filesystems-compat8_ja.jar;C:\Program Files\NetBeans 8.1\platform\core\locale\org-openide-filesystems-compat8_pt_BR.jar;C:\Program Files\NetBeans 8.1\platform\core\locale\org-openide-filesystems-compat8_ru.jar;C:\Program Files\NetBeans 8.1\platform\core\locale\org-openide-filesystems-compat8_zh_CN.jar;C:\Program Files\NetBeans 8.1\platform\core\locale\org-openide-filesystems_ja.jar;C:\Program Files\NetBeans 8.1\platform\core\locale\org-openide-filesystems_pt_BR.jar;C:\Program Files\NetBeans 8.1\platform\core\locale\org-openide-filesystems_ru.jar;C:\Program Files\NetBeans 8.1\platform\core\locale\org-openide-filesystems_zh_CN.jar;C:\Program Files\NetBeans 8.1\nb\core\org-netbeans-upgrader.jar;C:\Program Files\NetBeans 8.1\nb\core\locale\core_nb.jar;C:\Program Files\NetBeans 8.1\nb\core\locale\core_nb_ja.jar;C:\Program Files\NetBeans 8.1\nb\core\locale\core_nb_pt_BR.jar;C:\Program Files\NetBeans 8.1\nb\core\locale\core_nb_ru.jar;C:\Program Files\NetBeans 8.1\nb\core\locale\core_nb_zh_CN.jar;C:\Program Files\NetBeans 8.1\nb\core\locale\org-netbeans-upgrader_ja.jar;C:\Program Files\NetBeans 8.1\nb\core\locale\org-netbeans-upgrader_pt_BR.jar;C:\Program Files\NetBeans 8.1\nb\core\locale\org-netbeans-upgrader_ru.jar;C:\Program Files\NetBeans 8.1\nb\core\locale\org-netbeans-upgrader_zh_CN.jar" />
    <property name="java.vm.specification.version" value="1.8" />
    <property name="libs.hibernate4-support.src" value="" />
    <property name="file.reference.hamcrest-all-1.3.jar" value="C:\Users\Luke\Documents\College\Year2\OOProg2\hamcrest-all-1.3.jar" />
    <property name="libs.primefaces.classpath" value="C:\Program Files\NetBeans 8.1\enterprise\modules\ext\primefaces\primefaces-5.0.jar" />
    <property name="libs.javaee-api-6.0.classpath" value="C:\Program Files\NetBeans 8.1\enterprise\modules\ext\javaee-api-6.0.jar" />
    <property name="libs.groovy-all.maven-pom" value="" />
    <property name="netbeans.productversion" value="NetBeans IDE 8.1 (Build 201510222201)" />
    <property name="libs.jaxws21.src" value="" />
    <property name="application.title" value="OOP_CA5_TVMaze" />
    <property name="do.archive" value="true" />
    <property name="netbeans.autoupdate.language" value="en" />
    <property name="java.vendor" value="Oracle Corporation" />
    <property name="libs.javaee-api-6.0.javadoc" value="C:\Program Files\NetBeans 8.1\enterprise\docs\javaee-doc-api.jar" />
    <property name="jar.index.metainf" value="false" />
    <property name="ant.file.OOP_CA5_TVMaze" value="C:\Users\Luke\Documents\College\Year2\OOProg2\OOP-CA5Final\build.xml" />
    <property name="javac.debug" value="true" />
    <property name="javadoc.splitindex" value="true" />
    <property name="file.separator" value="\" />
    <property name="javac.includesfile.binary" value="C:\Users\Luke\Documents\College\Year2\OOProg2\OOP-CA5Final\null1054585688" />
    <property name="libs.junit_4.maven-pom" value="" />
    <property name="mkdist.disabled" value="false" />
    <property name="javac.test.processorpath" value="C:\Users\Luke\Documents\College\Year2\OOProg2\javax.json-1.0.4.jar:C:\Users\Luke\Documents\College\Year2\OOProg2\commons-lang3-3.5.jar:build/classes:C:\Program Files\NetBeans 8.1\platform\modules\ext\junit-4.12.jar:C:\Program Files\NetBeans 8.1\platform\modules\ext\hamcrest-core-1.3.jar:C:\Users\Luke\Documents\College\Year2\OOProg2\hamcrest-all-1.3.jar" />
    <property name="netbeans.buildnumber" value="201510222201" />
    <property name="libs.JWSAntTasks.javadoc" value="" />
    <property name="build.generated.sources.dir" value="build/generated-sources" />
    <property name="user.variant" value="" />
    <property name="libs.eclipselinkmodelgen.classpath" value="C:\Program Files\NetBeans 8.1\java\modules\ext\eclipselink\org.eclipse.persistence.jpa.modelgen_2.5.2.v20140319-9ad6abd.jar" />
    <property name="libs.javaee-endorsed-api-7.0.src" value="" />
    <property name="sun.java.launcher" value="SUN_STANDARD" />
    <property name="libs.hibernate4-persistencemodelgen.javadoc" value="" />
    <property name="libs.jaxb.javadoc" value="C:\Program Files\NetBeans 8.1\ide\docs\jaxb-api-doc.zip" />
    <property name="libs.struts.classpath" value="C:\Program Files\NetBeans 8.1\enterprise\modules\ext\struts\antlr-2.7.2.jar;C:\Program Files\NetBeans 8.1\enterprise\modules\ext\struts\bsf-2.3.0.jar;C:\Program Files\NetBeans 8.1\enterprise\modules\ext\struts\commons-beanutils-1.8.0.jar;C:\Program Files\NetBeans 8.1\enterprise\modules\ext\struts\commons-chain-1.2.jar;C:\Program Files\NetBeans 8.1\enterprise\modules\ext\struts\commons-digester-1.8.jar;C:\Program Files\NetBeans 8.1\enterprise\modules\ext\struts\commons-fileupload-1.1.1.jar;C:\Program Files\NetBeans 8.1\enterprise\modules\ext\struts\commons-io-1.1.jar;C:\Program Files\NetBeans 8.1\enterprise\modules\ext\struts\commons-logging-1.0.4.jar;C:\Program Files\NetBeans 8.1\enterprise\modules\ext\struts\commons-validator-1.3.1.jar;C:\Program Files\NetBeans 8.1\enterprise\modules\ext\struts\jstl-1.0.2.jar;C:\Program Files\NetBeans 8.1\enterprise\modules\ext\struts\oro-2.0.8.jar;C:\Program Files\NetBeans 8.1\enterprise\modules\ext\struts\standard-1.0.6.jar;C:\Program Files\NetBeans 8.1\enterprise\modules\ext\struts\struts-core-1.3.10.jar;C:\Program Files\NetBeans 8.1\enterprise\modules\ext\struts\struts-el-1.3.10.jar;C:\Program Files\NetBeans 8.1\enterprise\modules\ext\struts\struts-extras-1.3.10.jar;C:\Program Files\NetBeans 8.1\enterprise\modules\ext\struts\struts-faces-1.3.10.jar;C:\Program Files\NetBeans 8.1\enterprise\modules\ext\struts\struts-mailreader-dao-1.3.10.jar;C:\Program Files\NetBeans 8.1\enterprise\modules\ext\struts\struts-scripting-1.3.10.jar;C:\Program Files\NetBeans 8.1\enterprise\modules\ext\struts\struts-taglib-1.3.10.jar;C:\Program Files\NetBeans 8.1\enterprise\modules\ext\struts\struts-tiles-1.3.10.jar" />
    <property name="javac.includes.binary" value="C:\Users\Luke\Documents\College\Year2\OOProg2\OOP-CA5Final\build\test\classes\oop_ca5_tvmaze\PersonStoreTest.class" />
    <property name="ant.home" value="C:\Program Files\NetBeans 8.1\extide\ant" />
    <property name="libs.junit_4.src" value="C:\Program Files\NetBeans 8.1\platform\docs\junit-4.12-sources.jar" />
    <property name="libs.testng.classpath" value="C:\Program Files\NetBeans 8.1\platform\modules\ext\testng-6.8.1-dist.jar" />
    <property name="libs.absolutelayout.maven-pom" value="" />
    <property name="ant.java.version" value="1.8" />
    <property name="java.library.path" value="C:\Program Files\Java\jdk1.8.0_91\jre\bin;C:\Windows\Sun\Java\bin;C:\Windows\system32;C:\Windows;C:\ProgramData\Oracle\Java\javapath;C:\Windows\system32;C:\Windows;C:\Windows\System32\Wbem;C:\Windows\System32\WindowsPowerShell\v1.0\;C:\Program Files (x86)\NVIDIA Corporation\PhysX\Common;C:\Program Files (x86)\Skype\Phone\;C:\xampp\php;C:\ProgramData\ComposerSetup\bin;C:\Program Files\nodejs\;C:\Users\Luke\AppData\Roaming\Composer\vendor\bin;C:\Users\Luke\AppData\Roaming\npm;." />
    <property name="javadoc.author" value="false" />
    <property name="libs.metro.maven-pom" value="" />
    <property name="java.util.logging.config.class" value="org.netbeans.core.startup.TopLogging" />
    <property name="libs.spring-framework400.src" value="" />
    <property name="libs.PostgreSQLDriver.src" value="" />
    <property name="sun.arch.data.model" value="64" />
    <property name="basedir" value="C:\Users\Luke\Documents\College\Year2\OOProg2\OOP-CA5Final" />
    <property name="libs.jpa20-persistence.maven-pom" value="" />
    <property name="jar.compress" value="false" />
    <property name="libs.javaee-web-api-7.0.classpath" value="C:\Program Files\NetBeans 8.1\enterprise\modules\ext\javaee-web-api-7.0.jar" />
    <property name="path.separator" value=";" />
    <property name="libs.javaee-web-api-6.0.javadoc" value="C:\Program Files\NetBeans 8.1\enterprise\docs\javaee-doc-api.jar" />
    <property name="ant.junit.enabletestlistenerevents" value="true" />
    <property name="sun.io.unicode.encoding" value="UnicodeLittle" />
    <property name="libs.jaxws21.classpath" value="C:\Program Files\NetBeans 8.1\ide\modules\ext\jaxb\jaxb-impl.jar;C:\Program Files\NetBeans 8.1\ide\modules\ext\jaxb\jaxb-xjc.jar;C:\Program Files\NetBeans 8.1\java\modules\ext\jaxws22\FastInfoset.jar;C:\Program Files\NetBeans 8.1\java\modules\ext\jaxws22\gmbal-api-only.jar;C:\Program Files\NetBeans 8.1\java\modules\ext\jaxws22\ha-api.jar;C:\Program Files\NetBeans 8.1\java\modules\ext\jaxws22\javax.mail_1.4.jar;C:\Program Files\NetBeans 8.1\java\modules\ext\jaxws22\jaxws-rt.jar;C:\Program Files\NetBeans 8.1\java\modules\ext\jaxws22\jaxws-tools.jar;C:\Program Files\NetBeans 8.1\java\modules\ext\jaxws22\management-api.jar;C:\Program Files\NetBeans 8.1\java\modules\ext\jaxws22\mimepull.jar;C:\Program Files\NetBeans 8.1\java\modules\ext\jaxws22\policy.jar;C:\Program Files\NetBeans 8.1\java\modules\ext\jaxws22\saaj-impl.jar;C:\Program Files\NetBeans 8.1\java\modules\ext\jaxws22\stax-ex.jar;C:\Program Files\NetBeans 8.1\java\modules\ext\jaxws22\stax2-api.jar;C:\Program Files\NetBeans 8.1\java\modules\ext\jaxws22\streambuffer.jar;C:\Program Files\NetBeans 8.1\java\modules\ext\jaxws22\woodstox-core-asl.jar;C:\Program Files\NetBeans 8.1\java\modules\ext\jaxws22\api\jaxws-api.jar;C:\Program Files\NetBeans 8.1\java\modules\ext\jaxws22\api\jsr181-api.jar;C:\Program Files\NetBeans 8.1\java\modules\ext\jaxws22\api\javax.annotation.jar;C:\Program Files\NetBeans 8.1\java\modules\ext\jaxws22\api\saaj-api.jar;C:\Program Files\NetBeans 8.1\ide\modules\ext\jaxb\activation.jar;C:\Program Files\NetBeans 8.1\ide\modules\ext\jaxb\api\jaxb-api.jar;C:\Program Files\NetBeans 8.1\ide\modules\ext\jaxb\api\jsr173_1.0_api.jar" />
    <property name="libs.struts.src" value="" />
    <property name="apple.awt.graphics.UseQuartz" value="true" />
    <property name="user.language" value="en" />
    <property name="testng.mode" value="testng" />
    <property name="libs.JAXB-ENDORSED.maven-pom" value="" />
    <property name="libs.eclipselink.maven-pom" value="" />
    <property name="application.vendor" value="Shaun" />
    <property name="test.binaryincludes" value="&lt;nothing&gt;" />
    <property name="manifest.available" value="true" />
    <property name="libs.primefaces.javadoc" value="" />
    <property name="libs.spring-framework300.maven-pom" value="" />
    <property name="run.test.classpath" value="C:\Users\Luke\Documents\College\Year2\OOProg2\javax.json-1.0.4.jar:C:\Users\Luke\Documents\College\Year2\OOProg2\commons-lang3-3.5.jar:build/classes:C:\Program Files\NetBeans 8.1\platform\modules\ext\junit-4.12.jar:C:\Program Files\NetBeans 8.1\platform\modules\ext\hamcrest-core-1.3.jar:C:\Users\Luke\Documents\College\Year2\OOProg2\hamcrest-all-1.3.jar:build/test/classes" />
    <property name="ant.project.invoked-targets" value="test-single" />
    <property name="test.binaryexcludes" value="" />
    <property name="libs.swing-layout.javadoc" value="C:\Program Files\NetBeans 8.1\platform\docs\swing-layout-1.0.4-doc.zip" />
    <property name="sun.java2d.dpiaware" value="true" />
    <property name="libs.hibernate4-persistence.maven-pom" value="" />
    <property name="libs.DataBindingME-SVG.classpath" value="C:\Program Files\NetBeans 8.1\mobility\modules\ext\netbeans_databindingme_svg.jar" />
    <property name="https.nonProxyHosts" value="localhost|127.0.0.1|Luke" />
    <property name="libs.PostgreSQLDriver.maven-pom" value="" />
    <property name="java.class.version" value="52.0" />
    <property name="libs.hibernate4-persistencemodelgen.maven-pom" value="" />
    <property name="libs.javaee-endorsed-api-6.0.src" value="" />
    <property name="libs.eclipselink.javadoc" value="C:\Program Files\NetBeans 8.1\java\modules\ext\docs\javax.persistence-2.1.0-doc.zip" />
    <property name="libs.jsp-compilation.maven-pom" value="" />
    <property name="user.properties.file" value="C:\Users\Luke\AppData\Roaming\NetBeans\8.1\build.properties" />
    <property name="runtime.encoding" value="UTF-8" />
    <property name="libs.javac-api.maven-pom" value="" />
    <property name="file.encoding.pkg" value="sun.io" />
    <property name="sun.cpu.endian" value="little" />
    <property name="libs.JAXB-ENDORSED.javadoc" value="" />
    <property name="libs.JWSAntTasks.classpath" value="C:\Program Files\NetBeans 8.1\java\ant\extra\org-netbeans-modules-javawebstart-anttasks.jar" />
    <property name="libs.spring-webmvc4.0.maven-pom" value="" />
    <property name="libs.spring-framework300.src" value="" />
    <property name="libs.jstl.src" value="" />
    <property name="file.reference.javax.json-1.0.4.jar" value="C:\Users\Luke\Documents\College\Year2\OOProg2\javax.json-1.0.4.jar" />
    <property name="empty.dir" value="C:\Users\Luke\Documents\College\Year2\OOProg2\OOP-CA5Final\build\empty" />
    <property name="version-output" value="java version &quot;1.8" />
    <property name="test.binarytestincludes" value="" />
    <property name="libs.hibernate4-persistencemodelgen.src" value="" />
    <property name="javadoc.preview" value="true" />
    <property name="libs.jpa20-persistence.javadoc" value="C:\Program Files\NetBeans 8.1\java\modules\ext\docs\javax.persistence-2.1.0-doc.zip" />
    <property name="java.home" value="C:\Program Files\Java\jdk1.8.0_91\jre" />
    <property name="libs.jsp-compilation.src" value="" />
    <property name="debug.test.classpath" value="C:\Users\Luke\Documents\College\Year2\OOProg2\javax.json-1.0.4.jar:C:\Users\Luke\Documents\College\Year2\OOProg2\commons-lang3-3.5.jar:build/classes:C:\Program Files\NetBeans 8.1\platform\modules\ext\junit-4.12.jar:C:\Program Files\NetBeans 8.1\platform\modules\ext\hamcrest-core-1.3.jar:C:\Users\Luke\Documents\College\Year2\OOProg2\hamcrest-all-1.3.jar:build/test/classes" />
    <property name="libs.javaee-endorsed-api-6.0.classpath" value="C:\Program Files\NetBeans 8.1\enterprise\modules\ext\javaee6-endorsed\javax.annotation.jar;C:\Program Files\NetBeans 8.1\enterprise\modules\ext\javaee6-endorsed\jaxb-api-osgi.jar;C:\Program Files\NetBeans 8.1\enterprise\modules\ext\javaee6-endorsed\webservices-api-osgi.jar" />
    <property name="libs.javaee-api-6.0.src" value="" />
    <property name="netbeans.importclass" value="org.netbeans.upgrade.AutoUpgrade" />
    <property name="ant.project.default-target" value="default" />
    <property name="annotation.processing.run.all.processors" value="true" />
    <property name="libs.DataBindingME.maven-pom" value="" />
    <property name="libs.PostgreSQLDriver.javadoc" value="" />
    <property name="libs.restlib.classpath" value="C:\Program Files\NetBeans 8.1\enterprise\modules\ext\jersey2\ext\asm-all-repackaged-2.2.0-b21.jar;C:\Program Files\NetBeans 8.1\enterprise\modules\ext\jersey2\ext\cglib-2.2.0-b21.jar;C:\Program Files\NetBeans 8.1\enterprise\modules\ext\jersey2\ext\guava-14.0.1.jar;C:\Program Files\NetBeans 8.1\enterprise\modules\ext\jersey2\ext\hk2-api-2.2.0-b21.jar;C:\Program Files\NetBeans 8.1\enterprise\modules\ext\jersey2\ext\hk2-locator-2.2.0-b21.jar;C:\Program Files\NetBeans 8.1\enterprise\modules\ext\jersey2\ext\hk2-utils-2.2.0-b21.jar;C:\Program Files\NetBeans 8.1\enterprise\modules\ext\jersey2\ext\javax.annotation-api-1.2.jar;C:\Program Files\NetBeans 8.1\enterprise\modules\ext\jersey2\ext\javax.inject-2.2.0-b21.jar;C:\Program Files\NetBeans 8.1\enterprise\modules\ext\jersey2\ext\javax.servlet-api-3.0.1.jar;C:\Program Files\NetBeans 8.1\enterprise\modules\ext\jersey2\ext\jaxb-api-2.2.7.jar;C:\Program Files\NetBeans 8.1\enterprise\modules\ext\jersey2\ext\jersey-entity-filtering-2.5.1.jar;C:\Program Files\NetBeans 8.1\enterprise\modules\ext\jersey2\ext\jersey-media-moxy-2.5.1.jar;C:\Program Files\NetBeans 8.1\enterprise\modules\ext\jersey2\ext\org.osgi.core-4.2.0.jar;C:\Program Files\NetBeans 8.1\enterprise\modules\ext\jersey2\ext\osgi-resource-locator-1.0.1.jar;C:\Program Files\NetBeans 8.1\enterprise\modules\ext\jersey2\ext\persistence-api-1.0.jar;C:\Program Files\NetBeans 8.1\enterprise\modules\ext\jersey2\ext\validation-api-1.1.0.Final.jar;C:\Program Files\NetBeans 8.1\enterprise\modules\ext\jersey2\jersey-client.jar;C:\Program Files\NetBeans 8.1\enterprise\modules\ext\jersey2\jersey-common.jar;C:\Program Files\NetBeans 8.1\enterprise\modules\ext\jersey2\jersey-container-servlet.jar;C:\Program Files\NetBeans 8.1\enterprise\modules\ext\jersey2\jersey-container-servlet-core.jar;C:\Program Files\NetBeans 8.1\enterprise\modules\ext\jersey2\jersey-server.jar;C:\Program Files\NetBeans 8.1\java\modules\ext\eclipselink\eclipselink.jar" />
    <property name="libs.MySQLDriver.maven-pom" value="" />
    <property name="libs.hibernate4-persistence.javadoc" value="C:\Program Files\NetBeans 8.1\java\modules\ext\docs\javax.persistence-2.1.0-doc.zip" />
    <property name="http.nonProxyHosts" value="localhost|127.0.0.1|Luke" />
    <property name="libs.junit_4.javadoc" value="C:\Program Files\NetBeans 8.1\platform\docs\junit-4.12-javadoc.jar" />
    <property name="libs.javaee-web-api-6.0.maven-pom" value="" />
    <property name="run.classpath" value="C:\Users\Luke\Documents\College\Year2\OOProg2\javax.json-1.0.4.jar:C:\Users\Luke\Documents\College\Year2\OOProg2\commons-lang3-3.5.jar:build/classes" />
    <property name="jna.boot.library.name" value="jnidispatch-410" />
    <property name="libs.javaee-endorsed-api-6.0.javadoc" value="C:\Program Files\NetBeans 8.1\enterprise\docs\javaee-doc-api.jar" />
    <property name="libs.javaee-api-7.0.classpath" value="C:\Program Files\NetBeans 8.1\enterprise\modules\ext\javaee-api-7.0.jar" />
    <property name="sun.awt.datatransfer.timeout" value="1000" />
    <property name="libs.spring-webmvc3.0.javadoc" value="" />
    <property name="libs.jpa2-persistence.maven-pom" value="" />
    <property name="annotation.processing.enabled.in.editor" value="false" />
    <property name="libs.hibernate4-support.classpath" value="C:\Program Files\NetBeans 8.1\java\modules\ext\hibernate4\antlr-2.7.7.jar;C:\Program Files\NetBeans 8.1\java\modules\ext\hibernate4\c3p0-0.9.2.1.jar;C:\Program Files\NetBeans 8.1\java\modules\ext\hibernate4\hibernate-c3p0-4.3.1.Final.jar;C:\Program Files\NetBeans 8.1\java\modules\ext\hibernate4\mchange-commons-java-0.2.3.4.jar;C:\Program Files\NetBeans 8.1\java\modules\ext\hibernate4\dom4j-1.6.1.jar;C:\Program Files\NetBeans 8.1\java\modules\ext\hibernate4\ehcache-core-2.4.3.jar;C:\Program Files\NetBeans 8.1\java\modules\ext\hibernate4\hibernate-ehcache-4.3.1.Final.jar;C:\Program Files\NetBeans 8.1\java\modules\ext\hibernate4\hibernate-core-4.3.1.Final.jar;C:\Program Files\NetBeans 8.1\java\modules\ext\hibernate4\jboss-logging-3.1.3.GA.jar;C:\Program Files\NetBeans 8.1\java\modules\ext\hibernate4\hibernate-commons-annotations-4.0.4.Final.jar;C:\Program Files\NetBeans 8.1\java\modules\ext\hibernate4\hibernate-entitymanager-4.3.1.Final.jar;C:\Program Files\NetBeans 8.1\java\modules\ext\hibernate4\javassist-3.18.1-GA.jar;C:\Program Files\NetBeans 8.1\java\modules\ext\hibernate4\jboss-transaction-api_1.2_spec-1.0.0.Final.jar;C:\Program Files\NetBeans 8.1\java\modules\ext\hibernate4\slf4j-api-1.6.1.jar;C:\Program Files\NetBeans 8.1\java\modules\ext\hibernate4\slf4j-simple-1.6.1.jar" />
    <property name="nb.native.filechooser" value="false" />
    <property name="libs.restapi.src" value="" />
    <property name="sun.management.compiler" value="HotSpot 64-Bit Tiered Compilers" />
    <property name="libs.j2me_common_ant.javadoc" value="" />
    <property name="javac.deprecation" value="false" />
    <property name="javadoc.use" value="true" />
    <property name="sun.java2d.noddraw" value="true" />
    <property name="libs.jsp-compiler.classpath" value="C:\Program Files\NetBeans 8.1\enterprise\ant\extra\jspcompile.jar" />
    <property name="javac.processorpath" value="C:\Users\Luke\Documents\College\Year2\OOProg2\javax.json-1.0.4.jar:C:\Users\Luke\Documents\College\Year2\OOProg2\commons-lang3-3.5.jar" />
    <property name="libs.hamcrest.maven-pom" value="" />
    <property name="javac.compilerargs" value="" />
    <property name="ant.file" value="C:\Users\Luke\Documents\College\Year2\OOProg2\OOP-CA5Final\build.xml" />
    <property name="ant.file.OOP_CA5_TVMaze-impl" value="C:\Users\Luke\Documents\College\Year2\OOProg2\OOP-CA5Final\nbproject\build-impl.xml" />
    <property name="libs.beans-binding.maven-pom" value="" />
    <property name="libs.hibernate4-support.javadoc" value="C:\Program Files\NetBeans 8.1\java\modules\ext\docs\javax.persistence-2.1.0-doc.zip" />
    <property name="libs.jsf12.classpath" value="C:\Program Files\NetBeans 8.1\enterprise\modules\ext\jsf-1_2\commons-beanutils.jar;C:\Program Files\NetBeans 8.1\enterprise\modules\ext\jsf-1_2\commons-collections.jar;C:\Program Files\NetBeans 8.1\enterprise\modules\ext\jsf-1_2\commons-digester.jar;C:\Program Files\NetBeans 8.1\enterprise\modules\ext\jsf-1_2\commons-logging.jar;C:\Program Files\NetBeans 8.1\enterprise\modules\ext\jsf-1_2\jsf-api.jar;C:\Program Files\NetBeans 8.1\enterprise\modules\ext\jsf-1_2\jsf-impl.jar" />
    <property name="libs.jstl.maven-pom" value="" />
    <property name="libs.restapi.maven-pom" value="" />
    <property name="libs.beans-binding.src" value="" />
    <property name="java.vm.specification.vendor" value="Oracle Corporation" />
    <property name="libs.DataBindingME-PIM.javadoc" value="C:\Program Files\NetBeans 8.1\mobility\modules\docs\netbeans_databindingme_pim-api.zip" />
    <property name="libs.swing-layout.src" value="C:\Program Files\NetBeans 8.1\platform\docs\swing-layout-1.0.4-src.zip" />
    <property name="org.openide.major.version" value="IDE/1" />
    <property name="java.vm.name" value="Java HotSpot(TM) 64-Bit Server VM" />
    <property name="netbeans.user" value="C:\Users\Luke\AppData\Roaming\NetBeans\8.1" />
    <property name="javadoc.additionalparam" value="" />
    <property name="java.io.tmpdir" value="C:\Users\Luke\AppData\Local\Temp\" />
    <property name="java.vendor.url" value="http://java.oracle.com/" />
    <property name="endorsed.classpath.cmd.line.arg" value="" />
    <property name="junit.available" value="true" />
    <property name="libs.jsp-compiler.src" value="" />
    <property name="sun.boot.library.path" value="C:\Program Files\Java\jdk1.8.0_91\jre\bin" />
    <property name="have.sources" value="true" />
    <property name="libs.hamcrest.javadoc" value="" />
    <property name="debug.classpath" value="C:\Users\Luke\Documents\College\Year2\OOProg2\javax.json-1.0.4.jar:C:\Users\Luke\Documents\College\Year2\OOProg2\commons-lang3-3.5.jar:build/classes" />
    <property name="javac.external.vm" value="true" />
    <property name="javadoc.private" value="false" />
    <property name="test.src.dir" value="test" />
    <property name="libs.jsf20.classpath" value="C:\Program Files\NetBeans 8.1\enterprise\modules\ext\jsf-2_2\javax.faces.jar" />
    <property name="ap.processors.internal" value="" />
    <property name="meta.inf.dir" value="src/META-INF" />
    <property name="javadoc.encoding.used" value="UTF-8" />
    <property name="libs.DataBindingME-SVG.src" value="C:\Program Files\NetBeans 8.1\mobility\sources\netbeans_databindingme_svg-src.zip" />
    <property name="dist.jar" value="dist/OOP_CA5_TVMaze.jar" />
    <property name="libs.spring-framework400.maven-pom" value="" />
    <property name="java.runtime.name" value="Java(TM) SE Runtime Environment" />
    <property name="ant.project.name" value="OOP_CA5_TVMaze" />
    <property name="netbeans.hash.code" value="unique=NBJDK_CND_EXTIDE_GFMOD_GROOVY_JAVA_JC_JDK_MOB_PHP_WEBCOMMON_WEBEE07f995da7-aa12-414a-b249-a298ffc3a089_f2dee4da-76f5-45d6-8de2-0d44f87d8297" />
    <property name="netbeans.default_userdir_root" value="C:\Users\Luke\AppData\Roaming\NetBeans" />
    <property name="libs.jsp-compilation-syscp.maven-pom" value="" />
    <property name="sun.cpu.isalist" value="amd64" />
    <property name="libs.spring-framework400.javadoc" value="" />
    <property name="libs.CopyLibs.javadoc" value="" />
    <property name="org.openide.specification.version" value="6.2" />
    <property name="libs.DataBindingME-PIM.classpath" value="C:\Program Files\NetBeans 8.1\mobility\modules\ext\netbeans_databindingme_pim.jar" />
    <property name="user.home" value="C:\Users\Luke" />
    <property name="annotation.processing.processors.list" value="" />
    <property name="libs.primefaces.maven-pom" value="" />
    <property name="debug-args-line" value="-Xdebug" />
    <property name="libs.javaee-api-6.0.maven-pom" value="" />
    <property name="libs.JWSAntTasks.src" value="" />
    <property name="jar.index" value="false" />
    <property name="libs.CopyLibs.maven-pom" value="" />
    <property name="libs.spring-framework300.javadoc" value="" />
    <property name="libs.absolutelayout.javadoc" value="" />
    <property name="java.specification.name" value="Java Platform API Specification" />
    <property name="ant.file.type.OOP_CA5_TVMaze" value="file" />
    <property name="do.archive+main.class.available" value="true" />
    <property name="java.specification.vendor" value="Oracle Corporation" />
    <property name="libs.javac-api.classpath" value="C:\Program Files\NetBeans 8.1\java\modules\ext\nb-javac-api.jar" />
    <property name="java.version" value="1.8.0_91" />
    <property name="run.jvmargs.ide" value="" />
    <property name="javadoc.version" value="false" />
    <property name="libs.MySQLDriver.javadoc" value="" />
    <property name="org.openide.version" value="deprecated" />
    <property name="platform.java" value="C:\Program Files\Java\jdk1.8.0_91\jre/bin/java" />
    <property name="source.encoding" value="UTF-8" />
    <property name="ap.cmd.line.internal" value="" />
    <property name="libs.eclipselinkmodelgen.maven-pom" value="" />
    <property name="libs.jsp-compilation-syscp.javadoc" value="" />
    <property name="libs.eclipselinkmodelgen.javadoc" value="" />
    <property name="libs.javaee-endorsed-api-7.0.classpath" value="C:\Program Files\NetBeans 8.1\enterprise\modules\ext\javaee7-endorsed\javax.annotation-api.jar;C:\Program Files\NetBeans 8.1\enterprise\modules\ext\javaee7-endorsed\javax.xml.soap-api.jar;C:\Program Files\NetBeans 8.1\enterprise\modules\ext\javaee7-endorsed\jaxb-api-osgi.jar;C:\Program Files\NetBeans 8.1\enterprise\modules\ext\javaee7-endorsed\jaxws-api.jar;C:\Program Files\NetBeans 8.1\enterprise\modules\ext\javaee7-endorsed\jsr181-api.jar" />
    <property name="libs.metro.javadoc" value="C:\Program Files\NetBeans 8.1\enterprise\docs\metro-1.4-doc.zip" />
    <property name="libs.struts.maven-pom" value="" />
    <property name="netbeans.home+have.tests" value="true" />
    <property name="annotation.processing.processor.options" value="" />
    <property name="libs.testng.maven-pom" value="" />
    <property name="libs.jaxb.src" value="" />
    <property name="work.dir" value="C:\Users\Luke\Documents\College\Year2\OOProg2\OOP-CA5Final" />
    <property name="libs.jaxb.classpath" value="C:\Program Files\NetBeans 8.1\ide\modules\ext\jaxb\jaxb-impl.jar;C:\Program Files\NetBeans 8.1\ide\modules\ext\jaxb\jaxb-xjc.jar;C:\Program Files\NetBeans 8.1\ide\modules\ext\jaxb\jaxb1-impl.jar;C:\Program Files\NetBeans 8.1\ide\modules\ext\jaxb\activation.jar;C:\Program Files\NetBeans 8.1\ide\modules\ext\jaxb\api\jaxb-api.jar;C:\Program Files\NetBeans 8.1\ide\modules\ext\jaxb\api\jsr173_1.0_api.jar" />
    <property name="php.global.include.path" value="" />
    <property name="do.depend" value="false" />
    <property name="dist.javadoc.dir" value="dist/javadoc" />
    <property name="libs.j2me_common_ant.classpath" value="C:\Program Files\NetBeans 8.1\mobility\modules\org-netbeans-modules-j2me-common-ant.jar;C:\Program Files\NetBeans 8.1\java\modules\org-netbeans-modules-classfile.jar" />
    <property name="libs.swing-layout.classpath" value="C:\Program Files\NetBeans 8.1\platform\modules\ext\swing-layout-1.0.4.jar" />
    <property name="libs.spring-webmvc3.0.classpath" value="C:\Program Files\NetBeans 8.1\java\modules\ext\spring-3.0\spring-webmvc-3.2.7.RELEASE.jar" />
    <property name="libs.javaee-web-api-7.0.maven-pom" value="" />
    <property name="libs.restlib.src" value="" />
    <property name="javac.source" value="1.8" />
    <property name="build.generated.dir" value="build/generated" />
    <property name="line.separator" value="&#xd;&#xa;" />
    <property name="java.specification.version" value="1.8" />
    <property name="java.vm.info" value="mixed mode" />
    <property name="libs.jaxws21.maven-pom" value="" />
    <property name="nb.junit.batch" value="true" />
    <property name="junit.forkmode" value="perTest" />
    <property name="sun.boot.class.path" value="C:\Program Files\Java\jdk1.8.0_91\jre\lib\resources.jar;C:\Program Files\Java\jdk1.8.0_91\jre\lib\rt.jar;C:\Program Files\Java\jdk1.8.0_91\jre\lib\sunrsasign.jar;C:\Program Files\Java\jdk1.8.0_91\jre\lib\jsse.jar;C:\Program Files\Java\jdk1.8.0_91\jre\lib\jce.jar;C:\Program Files\Java\jdk1.8.0_91\jre\lib\charsets.jar;C:\Program Files\Java\jdk1.8.0_91\jre\lib\jfr.jar;C:\Program Files\Java\jdk1.8.0_91\jre\classes" />
    <property name="javac.target" value="1.8" />
    <property name="built-jar.properties" value="C:\Users\Luke\Documents\College\Year2\OOProg2\OOP-CA5Final\build\built-jar.properties" />
    <property name="build.test.classes.dir" value="build/test/classes" />
    <property name="src.dir" value="src" />
    <property name="sun.awt.keepWorkingSetOnMinimize" value="true" />
    <property name="libs.jpa2-persistence.src" value="" />
    <property name="annotation.processing.enabled" value="true" />
    <property name="libs.jsf20.src" value="" />
    <property name="libs.jpa20-persistence.src" value="" />
    <property name="libs.jsf12.src" value="" />
    <property name="libs.DataBindingME-SVG.maven-pom" value="" />
    <property name="libs.struts.javadoc" value="C:\Program Files\NetBeans 8.1\enterprise\docs\struts-1.3.10-javadoc.zip" />
    <property name="libs.javaee-web-api-7.0.src" value="" />
    <property name="libs.primefaces.src" value="" />
    <property name="dist.dir" value="dist" />
    <property name="libs.groovy-all.javadoc" value="" />
    <property name="testng.debug.mode" value="" />
    <property name="javac.fork" value="true" />
    <property name="libs.groovy-all.classpath" value="C:\Program Files\NetBeans 8.1\groovy\modules\ext\groovy-all.jar" />
    <property name="java.awt.printerjob" value="sun.awt.windows.WPrinterJob" />
    <property name="default.javac.source" value="1.8" />
    <property name="debug-transport-by-os" value="dt_shmem" />
    <property name="sun.jnu.encoding" value="Cp1252" />
    <property name="libs.MySQLDriver.src" value="" />
    <property name="java.runtime.version" value="1.8.0_91-b14" />
    <property name="build.test.results.dir" value="build/test/results" />
    <property name="default.javac.target" value="1.8" />
    <property name="libs.junit_4.classpath" value="C:\Program Files\NetBeans 8.1\platform\modules\ext\junit-4.12.jar" />
    <property name="user.timezone" value="" />
    <property name="nb.junit.single" value="false" />
    <property name="libs.javaee-endorsed-api-6.0.maven-pom" value="" />
    <property name="netbeans.dirs" value="C:\Program Files\NetBeans 8.1\nb;C:\Program Files\NetBeans 8.1\ergonomics;C:\Program Files\NetBeans 8.1\ide;C:\Program Files\NetBeans 8.1\extide;C:\Program Files\NetBeans 8.1\java;C:\Program Files\NetBeans 8.1\apisupport;C:\Program Files\NetBeans 8.1\webcommon;C:\Program Files\NetBeans 8.1\websvccommon;C:\Program Files\NetBeans 8.1\enterprise;C:\Program Files\NetBeans 8.1\mobility;C:\Program Files\NetBeans 8.1\profiler;C:\Program Files\NetBeans 8.1\python;C:\Program Files\NetBeans 8.1\php;C:\Program Files\NetBeans 8.1\identity;C:\Program Files\NetBeans 8.1\harness;C:\Program Files\NetBeans 8.1\cnd;C:\Program Files\NetBeans 8.1\cndext;C:\Program Files\NetBeans 8.1\dlight;C:\Program Files\NetBeans 8.1\groovy;C:\Program Files\NetBeans 8.1\extra;C:\Program Files\NetBeans 8.1\javacard;C:\Program Files\NetBeans 8.1\javafx" />
    <property name="libs.jsf20.javadoc" value="C:\Program Files\NetBeans 8.1\enterprise\docs\javaee-doc-api.jar" />
    <property name="libs.jstl.javadoc" value="C:\Program Files\NetBeans 8.1\enterprise\docs\javaee-doc-api.jar" />
    <property name="java.ext.dirs" value="C:\Program Files\Java\jdk1.8.0_91\jre\lib\ext;C:\Windows\Sun\Java\lib\ext" />
    <property name="libs.metro.src" value="" />
    <property name="endorsed.classpath" value="" />
    <property name="libs.absolutelayout.classpath" value="C:\Users\Luke\Documents\College\Year 2\OO Prog 2\javax.json-1.0.4.jar" />
    <property name="excludes" value="" />
    <property name="libs.metro.classpath" value="C:\Program Files\NetBeans 8.1\ide\modules\ext\jaxb\activation.jar;C:\Program Files\NetBeans 8.1\enterprise\modules\ext\metro\webservices-api.jar;C:\Program Files\NetBeans 8.1\enterprise\modules\ext\metro\webservices-extra-api.jar;C:\Program Files\NetBeans 8.1\enterprise\modules\ext\metro\webservices-extra.jar;C:\Program Files\NetBeans 8.1\enterprise\modules\ext\metro\webservices-rt.jar;C:\Program Files\NetBeans 8.1\enterprise\modules\ext\metro\webservices-tools.jar" />
    <property name="libs.restlib.maven-pom" value="" />
    <property name="libs.jpa2-persistence.javadoc" value="C:\Program Files\NetBeans 8.1\java\modules\ext\docs\javax.persistence-2.1.0-doc.zip" />
    <property name="libs.DataBindingME.javadoc" value="C:\Program Files\NetBeans 8.1\mobility\modules\docs\netbeans_databindingme-api.zip" />
    <property name="apple.laf.useScreenMenuBar" value="true" />
    <property name="java.class.path" value="C:\Users\Luke\Documents\College\Year2\OOProg2\javax.json-1.0.4.jar;C:\Users\Luke\Documents\College\Year2\OOProg2\commons-lang3-3.5.jar;C:\Users\Luke\Documents\College\Year2\OOProg2\OOP-CA5Final\build\classes;C:\Program Files\NetBeans 8.1\platform\modules\ext\junit-4.12.jar;C:\Program Files\NetBeans 8.1\platform\modules\ext\hamcrest-core-1.3.jar;C:\Users\Luke\Documents\College\Year2\OOProg2\hamcrest-all-1.3.jar;C:\Users\Luke\Documents\College\Year2\OOProg2\OOP-CA5Final\build\test\classes;C:\Program Files\NetBeans 8.1\extide\ant\lib\ant-launcher.jar;C:\Program Files\NetBeans 8.1\extide\ant\lib\ant.jar;C:\Program Files\NetBeans 8.1\extide\ant\lib\ant-junit.jar;C:\Program Files\NetBeans 8.1\extide\ant\lib\ant-junit4.jar" />
    <property name="do.mkdist" value="true" />
    <property name="libs.absolutelayout.src" value="" />
    <property name="libs.jpa20-persistence.classpath" value="C:\Program Files\NetBeans 8.1\java\modules\ext\eclipselink\javax.persistence_2.1.0.v201304241213.jar" />
    <property name="os.version" value="6.3" />
    <property name="application.args" value="" />
    <property name="libs.javaee-api-7.0.maven-pom" value="" />
    <property name="main.class.available" value="true" />
    <property name="sun.awt.enableExtraMouseButtons" value="true" />
    <property name="sun.desktop" value="windows" />
    <property name="libs.hibernate4-persistence.src" value="" />
    <property name="libs.hibernate4-support.maven-pom" value="" />
    <property name="libs.restlib.javadoc" value="" />
    <property name="nb.internal.action.name" value="run.single" />
    <property name="libs.JAXB-ENDORSED.classpath" value="C:\Program Files\NetBeans 8.1\ide\modules\ext\jaxb\api\jaxb-api.jar" />
    <property name="libs.javaee-api-7.0.javadoc" value="C:\Program Files\NetBeans 8.1\enterprise\docs\javaee-doc-api.jar" />
    <property name="file.reference.commons-lang3-3.5.jar" value="C:\Users\Luke\Documents\College\Year2\OOProg2\commons-lang3-3.5.jar" />
    <property name="libs.eclipselink.classpath" value="C:\Program Files\NetBeans 8.1\java\modules\ext\eclipselink\eclipselink.jar;C:\Program Files\NetBeans 8.1\java\modules\ext\eclipselink\javax.persistence_2.1.0.v201304241213.jar;C:\Program Files\NetBeans 8.1\java\modules\ext\eclipselink\org.eclipse.persistence.jpa.jpql_2.5.2.v20140319-9ad6abd.jar" />
    <property name="java.awt.graphicsenv" value="sun.awt.Win32GraphicsEnvironment" />
    <property name="libs.beans-binding.javadoc" value="C:\Program Files\NetBeans 8.1\java\docs\beansbinding-1.2.1-doc.zip" />
    <property name="java.vm.vendor" value="Oracle Corporation" />
    <property name="libs.CopyLibs.classpath" value="C:\Program Files\NetBeans 8.1\java\ant\extra\org-netbeans-modules-java-j2seproject-copylibstask.jar" />
    <property name="libs.spring-framework300.classpath" value="C:\Program Files\NetBeans 8.1\ide\modules\org-apache-commons-logging.jar;C:\Program Files\NetBeans 8.1\java\modules\ext\cglib-2.2.jar;C:\Program Files\NetBeans 8.1\java\modules\ext\spring-3.0\spring-aop-3.2.7.RELEASE.jar;C:\Program Files\NetBeans 8.1\java\modules\ext\spring-3.0\spring-aspects-3.2.7.RELEASE.jar;C:\Program Files\NetBeans 8.1\java\modules\ext\spring-3.0\spring-beans-3.2.7.RELEASE.jar;C:\Program Files\NetBeans 8.1\java\modules\ext\spring-3.0\spring-build-src-3.2.7.RELEASE.jar;C:\Program Files\NetBeans 8.1\java\modules\ext\spring-3.0\spring-context-3.2.7.RELEASE.jar;C:\Program Files\NetBeans 8.1\java\modules\ext\spring-3.0\spring-context-support-3.2.7.RELEASE.jar;C:\Program Files\NetBeans 8.1\java\modules\ext\spring-3.0\spring-core-3.2.7.RELEASE.jar;C:\Program Files\NetBeans 8.1\java\modules\ext\spring-3.0\spring-expression-3.2.7.RELEASE.jar;C:\Program Files\NetBeans 8.1\java\modules\ext\spring-3.0\spring-framework-bom-3.2.7.RELEASE.jar;C:\Program Files\NetBeans 8.1\java\modules\ext\spring-3.0\spring-instrument-3.2.7.RELEASE.jar;C:\Program Files\NetBeans 8.1\java\modules\ext\spring-3.0\spring-instrument-tomcat-3.2.7.RELEASE.jar;C:\Program Files\NetBeans 8.1\java\modules\ext\spring-3.0\spring-jdbc-3.2.7.RELEASE.jar;C:\Program Files\NetBeans 8.1\java\modules\ext\spring-3.0\spring-jms-3.2.7.RELEASE.jar;C:\Program Files\NetBeans 8.1\java\modules\ext\spring-3.0\spring-orm-3.2.7.RELEASE.jar;C:\Program Files\NetBeans 8.1\java\modules\ext\spring-3.0\spring-oxm-3.2.7.RELEASE.jar;C:\Program Files\NetBeans 8.1\java\modules\ext\spring-3.0\spring-struts-3.2.7.RELEASE.jar;C:\Program Files\NetBeans 8.1\java\modules\ext\spring-3.0\spring-test-3.2.7.RELEASE.jar;C:\Program Files\NetBeans 8.1\java\modules\ext\spring-3.0\spring-tx-3.2.7.RELEASE.jar;C:\Program Files\NetBeans 8.1\java\modules\ext\spring-3.0\spring-web-3.2.7.RELEASE.jar;C:\Program Files\NetBeans 8.1\java\modules\ext\spring-3.0\spring-webmvc-3.2.7.RELEASE.jar;C:\Program Files\NetBeans 8.1\java\modules\ext\spring-3.0\spring-webmvc-portlet-3.2.7.RELEASE.jar" />
    <property name="libs.jsp-compiler.maven-pom" value="" />
    <property name="libs.hamcrest.src" value="" />
    <property name="run.jvmargs" value="" />
    <property name="libs.hibernate4-persistence.classpath" value="C:\Program Files\NetBeans 8.1\java\modules\ext\hibernate4\antlr-2.7.7.jar;C:\Program Files\NetBeans 8.1\java\modules\ext\hibernate4\c3p0-0.9.2.1.jar;C:\Program Files\NetBeans 8.1\java\modules\ext\hibernate4\hibernate-c3p0-4.3.1.Final.jar;C:\Program Files\NetBeans 8.1\java\modules\ext\hibernate4\mchange-commons-java-0.2.3.4.jar;C:\Program Files\NetBeans 8.1\java\modules\ext\hibernate4\dom4j-1.6.1.jar;C:\Program Files\NetBeans 8.1\java\modules\ext\hibernate4\ehcache-core-2.4.3.jar;C:\Program Files\NetBeans 8.1\java\modules\ext\hibernate4\hibernate-ehcache-4.3.1.Final.jar;C:\Program Files\NetBeans 8.1\java\modules\ext\hibernate4\hibernate-core-4.3.1.Final.jar;C:\Program Files\NetBeans 8.1\java\modules\ext\hibernate4\jboss-logging-3.1.3.GA.jar;C:\Program Files\NetBeans 8.1\java\modules\ext\hibernate4\hibernate-commons-annotations-4.0.4.Final.jar;C:\Program Files\NetBeans 8.1\java\modules\ext\hibernate4\hibernate-entitymanager-4.3.1.Final.jar;C:\Program Files\NetBeans 8.1\java\modules\ext\hibernate4\javassist-3.18.1-GA.jar;C:\Program Files\NetBeans 8.1\java\modules\ext\hibernate4\jboss-transaction-api_1.2_spec-1.0.0.Final.jar;C:\Program Files\NetBeans 8.1\java\modules\ext\hibernate4\slf4j-api-1.6.1.jar;C:\Program Files\NetBeans 8.1\java\modules\ext\hibernate4\slf4j-simple-1.6.1.jar;C:\Program Files\NetBeans 8.1\java\modules\ext\hibernate4\hibernate-jpa-2.1-api-1.0.0.Final.jar" />
    <property name="libs.JAXB-ENDORSED.src" value="" />
    <property name="dist.archive.excludes" value="" />
    <property name="libs.DataBindingME-PIM.src" value="C:\Program Files\NetBeans 8.1\mobility\sources\netbeans_databindingme_pim-src.zip" />
    <property name="libs.testng.javadoc" value="C:\Program Files\NetBeans 8.1\platform\docs\testng-6.8.1-javadoc.zip" />
    <property name="user.script" value="" />
    <property name="libs.PostgreSQLDriver.classpath" value="C:\Program Files\NetBeans 8.1\ide\modules\ext\postgresql-9.2-1002.jdbc4.jar" />
    <property name="libs.jsf12.maven-pom" value="" />
    <property name="libs.hibernate4-persistencemodelgen.classpath" value="C:\Program Files\NetBeans 8.1\java\modules\ext\hibernate4\hibernate-jpamodelgen-4.3.1.Final.jar" />
    <property name="annotation.processing.source.output" value="build/generated-sources/ap-source-output" />
    <property name="main.class" value="oop_ca5_tvmaze.OOP_CA5_TVMaze" />
    <property name="libs.CopyLibs.src" value="" />
    <property name="build.dir" value="build" />
    <property name="libs.jsp-compilation.classpath" value="C:\Program Files\NetBeans 8.1\extide\ant\lib\ant.jar;C:\Program Files\NetBeans 8.1\enterprise\modules\ext\servlet3.1-jsp2.3-api.jar;C:\Program Files\NetBeans 8.1\enterprise\modules\ext\glassfish-jspparser-4.0.jar;C:\Program Files\NetBeans 8.1\enterprise\modules\ext\jsf-2_2\javax.faces.jar;C:\Program Files\NetBeans 8.1\enterprise\modules\ext\jstl-api.jar;C:\Program Files\NetBeans 8.1\extide\ant\lib\ant-launcher.jar" />
    <property name="ant.file.type.OOP_CA5_TVMaze-impl" value="file" />
    <property name="ant.version" value="Apache Ant(TM) version 1.9.4 compiled on April 29 2014" />
    <property name="file.encoding" value="Cp1252" />
    <property name="build.classes.excludes" value="**/*.java,**/*.form" />
    <property name="jdkBug6558476" value="false" />
    <property name="javadoc.nonavbar" value="false" />
    <property name="libs.spring-webmvc4.0.classpath" value="C:\Program Files\NetBeans 8.1\java\modules\ext\spring-4\spring-webmvc-4.0.1.RELEASE.jar" />
    <property name="platform.active" value="default_platform" />
    <property name="awt.toolkit" value="sun.awt.windows.WToolkit" />
    <property name="libs.javaee-web-api-7.0.javadoc" value="C:\Program Files\NetBeans 8.1\enterprise\docs\javaee-doc-api.jar" />
  </properties>
  <testcase classname="oop_ca5_tvmaze.PersonStoreTest" name="testSearchAPI" time="0.344" />
  <testcase classname="oop_ca5_tvmaze.PersonStoreTest" name="testListPersons" time="0.188" />
  <testcase classname="oop_ca5_tvmaze.PersonStoreTest" name="testListPersonsByRating" time="0.14" />
  <testcase classname="oop_ca5_tvmaze.PersonStoreTest" name="testGetPersons" time="0.0" />
  <testcase classname="oop_ca5_tvmaze.PersonStoreTest" name="testWritePersonData" time="0.031" />
  <testcase classname="oop_ca5_tvmaze.PersonStoreTest" name="testExportToHTML" time="0.0" />
  <testcase classname="oop_ca5_tvmaze.PersonStoreTest" name="testSearchLocalRecords" time="0.0" />
  <testcase classname="oop_ca5_tvmaze.PersonStoreTest" name="testListPersonsByID" time="0.125" />
  <testcase classname="oop_ca5_tvmaze.PersonStoreTest" name="testLoadPersonStore" time="0.0" />
  <testcase classname="oop_ca5_tvmaze.PersonStoreTest" name="testListPersonsByName" time="0.156" />
  <system-out><![CDATA[searchAPI
PASSED
TEST 1 RESULT:
Person{score=35.141994, queryName=shaun, name=Shaun Powell, id=20018, imageUrl=defaultProfile.png, personLink=http://www.tvmaze.com/people/20018/shaun-powell, myRating=-1, myComments=default comments}
Person{score=35.141994, queryName=shaun, name=Shaun Majumder, id=30702, imageUrl=http://static.tvmaze.com/uploads/images/medium_portrait/9/24243.jpg, personLink=http://www.tvmaze.com/people/30702/shaun-majumder, myRating=-1, myComments=default comments}
Person{score=35.141994, queryName=shaun, name=Shaun Clay, id=32534, imageUrl=http://static.tvmaze.com/uploads/images/medium_portrait/83/207780.jpg, personLink=http://www.tvmaze.com/people/32534/shaun-clay, myRating=-1, myComments=default comments}
Person{score=35.141994, queryName=shaun, name=Shaun Dooley, id=37862, imageUrl=http://static.tvmaze.com/uploads/images/medium_portrait/8/21439.jpg, personLink=http://www.tvmaze.com/people/37862/shaun-dooley, myRating=-1, myComments=default comments}
Person{score=35.141994, queryName=shaun, name=Shaun Hennessy, id=38553, imageUrl=defaultProfile.png, personLink=http://www.tvmaze.com/people/38553/shaun-hennessy, myRating=-1, myComments=default comments}
Person{score=35.141994, queryName=shaun, name=Shaun Brady, id=41725, imageUrl=defaultProfile.png, personLink=http://www.tvmaze.com/people/41725/shaun-brady, myRating=-1, myComments=default comments}
Person{score=35.141994, queryName=shaun, name=Shaun Himmerick, id=43500, imageUrl=defaultProfile.png, personLink=http://www.tvmaze.com/people/43500/shaun-himmerick, myRating=-1, myComments=default comments}
Person{score=35.141994, queryName=shaun, name=Shaun Cassidy, id=50431, imageUrl=defaultProfile.png, personLink=http://www.tvmaze.com/people/50431/shaun-cassidy, myRating=-1, myComments=default comments}
Person{score=35.141994, queryName=shaun, name=Shaun Baker, id=60319, imageUrl=http://static.tvmaze.com/uploads/images/medium_portrait/12/30488.jpg, personLink=http://www.tvmaze.com/people/60319/shaun-baker, myRating=-1, myComments=default comments}
Person{score=35.141994, queryName=shaun, name=Shaun Micallef, id=64297, imageUrl=http://static.tvmaze.com/uploads/images/medium_portrait/27/69574.jpg, personLink=http://www.tvmaze.com/people/64297/shaun-micallef, myRating=-1, myComments=default comments}
TEST 2 RESULT: 0 results, success
TEST 3 RESULT: 0 results, success
TEST 4 RESULT: 10 results, success
listPersons
[0;1mPaul Rapovski[0m
ID              2243            
Score           22.06           
Query Name      paul            
Image URL       http://static.tvmaze.com/uploads/images/medium_portrait/2/5710.jpg
Bio Link        http://www.tvmaze.com/people/2243/paul-rapovski
Rating          -1              
Comments        default comments

[0;1mKate Herman[0m
ID              1392            
Score           27.95           
Query Name      kate            
Image URL       defaultProfile.png
Bio Link        http://www.tvmaze.com/people/1392/kate-herman
Rating          -1              
Comments        default comments

[0;1mAlan McCullough[0m
ID              2477            
Score           27.67           
Query Name      alan            
Image URL       defaultProfile.png
Bio Link        http://www.tvmaze.com/people/2477/alan-mccullough
Rating          -1              
Comments        default comments

[0;1mJoanna Becker[0m
ID              32461           
Score           32.50           
Query Name      joanna          
Image URL       defaultProfile.png
Bio Link        http://www.tvmaze.com/people/32461/joanna-becker
Rating          -1              
Comments        default comments

[0;1mJohn Treleaven[0m
ID              4335            
Score           19.68           
Query Name      john            
Image URL       http://static.tvmaze.com/uploads/images/medium_portrait/5/13853.jpg
Bio Link        http://www.tvmaze.com/people/4335/john-treleaven
Rating          -1              
Comments        default comments

[0;1mAlan Shearman[0m
ID              47836           
Score           27.67           
Query Name      alan            
Image URL       defaultProfile.png
Bio Link        http://www.tvmaze.com/people/47836/alan-shearman
Rating          -1              
Comments        default comments

[0;1mJoanna Going[0m
ID              12579           
Score           32.50           
Query Name      joanna          
Image URL       http://static.tvmaze.com/uploads/images/medium_portrait/3/8027.jpg
Bio Link        http://www.tvmaze.com/people/12579/joanna-going
Rating          -1              
Comments        default comments

[0;1mKate Mara[0m
ID              9491            
Score           27.95           
Query Name      kate            
Image URL       http://static.tvmaze.com/uploads/images/medium_portrait/2/6101.jpg
Bio Link        http://www.tvmaze.com/people/9491/kate-mara
Rating          -1              
Comments        default comments

[0;1mShaun Majumder[0m
ID              30702           
Score           35.12           
Query Name      shaun           
Image URL       http://static.tvmaze.com/uploads/images/medium_portrait/9/24243.jpg
Bio Link        http://www.tvmaze.com/people/30702/shaun-majumder
Rating          -1              
Comments        default comments

[0;1mJohn Knox[0m
ID              1451            
Score           19.68           
Query Name      john            
Image URL       defaultProfile.png
Bio Link        http://www.tvmaze.com/people/1451/john-knox
Rating          -1              
Comments        default comments

[0;1mJohn Hainsworth[0m
ID              3496            
Score           19.68           
Query Name      john            
Image URL       defaultProfile.png
Bio Link        http://www.tvmaze.com/people/3496/john-hainsworth
Rating          -1              
Comments        default comments

[0;1mLuke Goss[0m
ID              29440           
Score           30.62           
Query Name      luke            
Image URL       http://static.tvmaze.com/uploads/images/medium_portrait/8/20416.jpg
Bio Link        http://www.tvmaze.com/people/29440/luke-goss
Rating          5               
Comments        default comments

[0;1mLuke Ganalon[0m
ID              35327           
Score           30.62           
Query Name      luke            
Image URL       defaultProfile.png
Bio Link        http://www.tvmaze.com/people/35327/luke-ganalon
Rating          -1              
Comments        default comments

[0;1mShaun Cassidy[0m
ID              50431           
Score           35.12           
Query Name      shaun           
Image URL       defaultProfile.png
Bio Link        http://www.tvmaze.com/people/50431/shaun-cassidy
Rating          -1              
Comments        default comments

[0;1mKerri Paul[0m
ID              3121            
Score           22.06           
Query Name      paul            
Image URL       defaultProfile.png
Bio Link        http://www.tvmaze.com/people/3121/kerri-paul
Rating          -1              
Comments        default comments

[0;1mJohn Neisler[0m
ID              755             
Score           19.68           
Query Name      john            
Image URL       http://static.tvmaze.com/uploads/images/medium_portrait/2/6999.jpg
Bio Link        http://www.tvmaze.com/people/755/john-neisler
Rating          -1              
Comments        default comments

[0;1mShaun Clay[0m
ID              32534           
Score           35.12           
Query Name      shaun           
Image URL       http://static.tvmaze.com/uploads/images/medium_portrait/83/207780.jpg
Bio Link        http://www.tvmaze.com/people/32534/shaun-clay
Rating          -1              
Comments        default comments

[0;1mPaul Duchart[0m
ID              2813            
Score           22.06           
Query Name      paul            
Image URL       http://static.tvmaze.com/uploads/images/medium_portrait/5/14101.jpg
Bio Link        http://www.tvmaze.com/people/2813/paul-duchart
Rating          -1              
Comments        default comments

[0;1mJane Fergus[0m
ID              17525           
Score           29.00           
Query Name      jane            
Image URL       defaultProfile.png
Bio Link        http://www.tvmaze.com/people/17525/jane-fergus
Rating          -1              
Comments        default comments

[0;1mJane Condon[0m
ID              30771           
Score           29.00           
Query Name      jane            
Image URL       defaultProfile.png
Bio Link        http://www.tvmaze.com/people/30771/jane-condon
Rating          -1              
Comments        default comments

[0;1mErin MacArthur[0m
ID              48281           
Score           45.57           
Query Name      macarthur       
Image URL       defaultProfile.png
Bio Link        http://www.tvmaze.com/people/48281/erin-macarthur
Rating          -1              
Comments        default comments

[0;1mLuke MacFarlane[0m
ID              22498           
Score           30.62           
Query Name      luke            
Image URL       http://static.tvmaze.com/uploads/images/medium_portrait/10/25634.jpg
Bio Link        http://www.tvmaze.com/people/22498/luke-macfarlane
Rating          -1              
Comments        default comments

[0;1mBilly MacLellan[0m
ID              2472            
Score           30.93           
Query Name      billy           
Image URL       http://static.tvmaze.com/uploads/images/medium_portrait/10/25948.jpg
Bio Link        http://www.tvmaze.com/people/2472/billy-maclellan
Rating          -1              
Comments        default comments

[0;1mShaun Powell[0m
ID              20018           
Score           35.12           
Query Name      shaun           
Image URL       defaultProfile.png
Bio Link        http://www.tvmaze.com/people/20018/shaun-powell
Rating          -1              
Comments        default comments

[0;1mCornelius Macarthy[0m
ID              161541          
Score           8.03            
Query Name      macarthur       
Image URL       defaultProfile.png
Bio Link        http://www.tvmaze.com/people/161541/cornelius-macarthy
Rating          -1              
Comments        default comments

[0;1mJohn Bernecker[0m
ID              708             
Score           19.68           
Query Name      john            
Image URL       defaultProfile.png
Bio Link        http://www.tvmaze.com/people/708/john-bernecker
Rating          -1              
Comments        default comments

[0;1mJoanna Bool[0m
ID              26593           
Score           32.50           
Query Name      joanna          
Image URL       defaultProfile.png
Bio Link        http://www.tvmaze.com/people/26593/joanna-bool
Rating          -1              
Comments        default comments

[0;1mPaul McGillion[0m
ID              3007            
Score           22.06           
Query Name      paul            
Image URL       http://static.tvmaze.com/uploads/images/medium_portrait/69/172938.jpg
Bio Link        http://www.tvmaze.com/people/3007/paul-mcgillion
Rating          -1              
Comments        default comments

[0;1mRobin McDonald[0m
ID              45657           
Score           35.83           
Query Name      mcdonald        
Image URL       defaultProfile.png
Bio Link        http://www.tvmaze.com/people/45657/robin-mcdonald
Rating          -1              
Comments        default comments

[0;1mAlan Metoskie[0m
ID              42016           
Score           27.67           
Query Name      alan            
Image URL       defaultProfile.png
Bio Link        http://www.tvmaze.com/people/42016/alan-metoskie
Rating          -1              
Comments        default comments

[0;1mJane Espenson[0m
ID              2939            
Score           29.00           
Query Name      jane            
Image URL       http://static.tvmaze.com/uploads/images/medium_portrait/37/94911.jpg
Bio Link        http://www.tvmaze.com/people/2939/jane-espenson
Rating          -1              
Comments        default comments

[0;1mShaun Himmerick[0m
ID              43500           
Score           35.12           
Query Name      shaun           
Image URL       defaultProfile.png
Bio Link        http://www.tvmaze.com/people/43500/shaun-himmerick
Rating          -1              
Comments        default comments

[0;1mPaul Batten[0m
ID              4523            
Score           22.06           
Query Name      paul            
Image URL       http://static.tvmaze.com/uploads/images/medium_portrait/5/13148.jpg
Bio Link        http://www.tvmaze.com/people/4523/paul-batten
Rating          -1              
Comments        default comments

[0;1mJane Nichols[0m
ID              20168           
Score           29.00           
Query Name      jane            
Image URL       defaultProfile.png
Bio Link        http://www.tvmaze.com/people/20168/jane-nichols
Rating          -1              
Comments        default comments

[0;1mJames MacArthur[0m
ID              51655           
Score           45.57           
Query Name      macarthur       
Image URL       http://static.tvmaze.com/uploads/images/medium_portrait/17/42951.jpg
Bio Link        http://www.tvmaze.com/people/51655/james-macarthur
Rating          -1              
Comments        default comments

[0;1mJane Adams[0m
ID              24936           
Score           29.00           
Query Name      jane            
Image URL       http://static.tvmaze.com/uploads/images/medium_portrait/7/17708.jpg
Bio Link        http://www.tvmaze.com/people/24936/jane-adams
Rating          -1              
Comments        default comments

[0;1mKevonte McDonald[0m
ID              81017           
Score           35.83           
Query Name      mcdonald        
Image URL       defaultProfile.png
Bio Link        http://www.tvmaze.com/people/81017/kevonte-mcdonald
Rating          -1              
Comments        default comments

[0;1mKate Garwood[0m
ID              5448            
Score           27.95           
Query Name      kate            
Image URL       defaultProfile.png
Bio Link        http://www.tvmaze.com/people/5448/kate-garwood
Rating          -1              
Comments        default comments

[0;1mAlan Tang[0m
ID              2264            
Score           27.67           
Query Name      alan            
Image URL       http://static.tvmaze.com/uploads/images/medium_portrait/1/3881.jpg
Bio Link        http://www.tvmaze.com/people/2264/alan-tang
Rating          -1              
Comments        default comments

[0;1mAlan Autry[0m
ID              38910           
Score           27.67           
Query Name      alan            
Image URL       http://static.tvmaze.com/uploads/images/medium_portrait/29/73366.jpg
Bio Link        http://www.tvmaze.com/people/38910/alan-autry
Rating          -1              
Comments        default comments

[0;1mLuke Mitchell[0m
ID              33790           
Score           30.62           
Query Name      luke            
Image URL       http://static.tvmaze.com/uploads/images/medium_portrait/3/8592.jpg
Bio Link        http://www.tvmaze.com/people/33790/luke-mitchell
Rating          -1              
Comments        default comments

[0;1mHayes MacArthur[0m
ID              31790           
Score           45.57           
Query Name      macarthur       
Image URL       http://static.tvmaze.com/uploads/images/medium_portrait/61/153161.jpg
Bio Link        http://www.tvmaze.com/people/31790/hayes-macarthur
Rating          -1              
Comments        default comments

[0;1mStuart McDonald[0m
ID              56762           
Score           35.83           
Query Name      mcdonald        
Image URL       defaultProfile.png
Bio Link        http://www.tvmaze.com/people/56762/stuart-mcdonald
Rating          5               
Comments        default comments

[0;1mShaun Micallef[0m
ID              64297           
Score           35.12           
Query Name      shaun           
Image URL       http://static.tvmaze.com/uploads/images/medium_portrait/27/69574.jpg
Bio Link        http://www.tvmaze.com/people/64297/shaun-micallef
Rating          -1              
Comments        default comments

[0;1mJane Moffat[0m
ID              35737           
Score           29.00           
Query Name      jane            
Image URL       http://static.tvmaze.com/uploads/images/medium_portrait/33/84362.jpg
Bio Link        http://www.tvmaze.com/people/35737/jane-moffat
Rating          -1              
Comments        default comments

[0;1mLuke Adams[0m
ID              3049            
Score           30.62           
Query Name      luke            
Image URL       defaultProfile.png
Bio Link        http://www.tvmaze.com/people/3049/luke-adams
Rating          -1              
Comments        default comments

[0;1mBilly Evans[0m
ID              14278           
Score           30.93           
Query Name      billy           
Image URL       defaultProfile.png
Bio Link        http://www.tvmaze.com/people/14278/billy-evans
Rating          -1              
Comments        default comments

[0;1mAlan DiFiore[0m
ID              1531            
Score           27.67           
Query Name      alan            
Image URL       defaultProfile.png
Bio Link        http://www.tvmaze.com/people/1531/alan-difiore
Rating          -1              
Comments        default comments

[0;1mDavid MacArthur[0m
ID              165064          
Score           45.57           
Query Name      macarthur       
Image URL       defaultProfile.png
Bio Link        http://www.tvmaze.com/people/165064/david-macarthur
Rating          -1              
Comments        default comments

[0;1mKate Frisbee[0m
ID              11893           
Score           27.95           
Query Name      kate            
Image URL       http://static.tvmaze.com/uploads/images/medium_portrait/4/11014.jpg
Bio Link        http://www.tvmaze.com/people/11893/kate-frisbee
Rating          -1              
Comments        default comments

[0;1mBilly Lush[0m
ID              19479           
Score           30.93           
Query Name      billy           
Image URL       http://static.tvmaze.com/uploads/images/medium_portrait/4/11998.jpg
Bio Link        http://www.tvmaze.com/people/19479/billy-lush
Rating          -1              
Comments        default comments

[0;1mKate Rylie[0m
ID              12140           
Score           27.95           
Query Name      kate            
Image URL       defaultProfile.png
Bio Link        http://www.tvmaze.com/people/12140/kate-rylie
Rating          -1              
Comments        default comments

[0;1mJohn Voth[0m
ID              4558            
Score           19.68           
Query Name      john            
Image URL       http://static.tvmaze.com/uploads/images/medium_portrait/5/13064.jpg
Bio Link        http://www.tvmaze.com/people/4558/john-voth
Rating          -1              
Comments        default comments

[0;1mPatrick McDonald[0m
ID              30763           
Score           35.83           
Query Name      mcdonald        
Image URL       defaultProfile.png
Bio Link        http://www.tvmaze.com/people/30763/patrick-mcdonald
Rating          -1              
Comments        default comments

[0;1mDevon Alan[0m
ID              21668           
Score           27.67           
Query Name      alan            
Image URL       defaultProfile.png
Bio Link        http://www.tvmaze.com/people/21668/devon-alan
Rating          -1              
Comments        default comments

[0;1mJohn Fawcett[0m
ID              253             
Score           19.68           
Query Name      john            
Image URL       defaultProfile.png
Bio Link        http://www.tvmaze.com/people/253/john-fawcett
Rating          -1              
Comments        default comments

[0;1mAmber MacArthur[0m
ID              127494          
Score           45.57           
Query Name      macarthur       
Image URL       defaultProfile.png
Bio Link        http://www.tvmaze.com/people/127494/amber-macarthur
Rating          -1              
Comments        default comments

[0;1mJoanna Sanchez[0m
ID              38418           
Score           32.50           
Query Name      joanna          
Image URL       defaultProfile.png
Bio Link        http://www.tvmaze.com/people/38418/joanna-sanchez
Rating          -1              
Comments        default comments

[0;1mBrenda McDonald[0m
ID              3640            
Score           35.83           
Query Name      mcdonald        
Image URL       defaultProfile.png
Bio Link        http://www.tvmaze.com/people/3640/brenda-mcdonald
Rating          -1              
Comments        default comments

[0;1mBilly West[0m
ID              49026           
Score           30.93           
Query Name      billy           
Image URL       http://static.tvmaze.com/uploads/images/medium_portrait/4/11404.jpg
Bio Link        http://www.tvmaze.com/people/49026/billy-west
Rating          -1              
Comments        default comments

[0;1mBilly Wood[0m
ID              25714           
Score           30.93           
Query Name      billy           
Image URL       defaultProfile.png
Bio Link        http://www.tvmaze.com/people/25714/billy-wood
Rating          -1              
Comments        default comments

[0;1mShaun Hennessy[0m
ID              38553           
Score           35.12           
Query Name      shaun           
Image URL       defaultProfile.png
Bio Link        http://www.tvmaze.com/people/38553/shaun-hennessy
Rating          -1              
Comments        default comments

[0;1mLuke Loving[0m
ID              14028           
Score           30.62           
Query Name      luke            
Image URL       defaultProfile.png
Bio Link        http://www.tvmaze.com/people/14028/luke-loving
Rating          -1              
Comments        default comments

[0;1mJohn Casino[0m
ID              44              
Score           19.68           
Query Name      john            
Image URL       http://static.tvmaze.com/uploads/images/medium_portrait/4/10255.jpg
Bio Link        http://www.tvmaze.com/people/44/john-casino
Rating          -1              
Comments        default comments

[0;1mJoanna Flores[0m
ID              12647           
Score           32.50           
Query Name      joanna          
Image URL       defaultProfile.png
Bio Link        http://www.tvmaze.com/people/12647/joanna-flores
Rating          -1              
Comments        default comments

[0;1mBilly Tilk[0m
ID              36490           
Score           30.93           
Query Name      billy           
Image URL       defaultProfile.png
Bio Link        http://www.tvmaze.com/people/36490/billy-tilk
Rating          -1              
Comments        default comments

[0;1mPaul Holahan[0m
ID              4899            
Score           22.06           
Query Name      paul            
Image URL       defaultProfile.png
Bio Link        http://www.tvmaze.com/people/4899/paul-holahan
Rating          -1              
Comments        default comments

[0;1mJoanna Wolff[0m
ID              18323           
Score           32.50           
Query Name      joanna          
Image URL       defaultProfile.png
Bio Link        http://www.tvmaze.com/people/18323/joanna-wolff
Rating          -1              
Comments        default comments

[0;1mJosh McDonald[0m
ID              16049           
Score           35.83           
Query Name      mcdonald        
Image URL       defaultProfile.png
Bio Link        http://www.tvmaze.com/people/16049/josh-mcdonald
Rating          -1              
Comments        default comments

[0;1mArtin John[0m
ID              452             
Score           19.68           
Query Name      john            
Image URL       http://static.tvmaze.com/uploads/images/medium_portrait/3/7665.jpg
Bio Link        http://www.tvmaze.com/people/452/artin-john
Rating          -1              
Comments        default comments

[0;1mJane Carr[0m
ID              28870           
Score           29.00           
Query Name      jane            
Image URL       http://static.tvmaze.com/uploads/images/medium_portrait/39/98679.jpg
Bio Link        http://www.tvmaze.com/people/28870/jane-carr
Rating          -1              
Comments        default comments

[0;1mKate Hamilton[0m
ID              13751           
Score           27.95           
Query Name      kate            
Image URL       defaultProfile.png
Bio Link        http://www.tvmaze.com/people/13751/kate-hamilton
Rating          -1              
Comments        default comments

[0;1mGary McDonald[0m
ID              54184           
Score           35.83           
Query Name      mcdonald        
Image URL       defaultProfile.png
Bio Link        http://www.tvmaze.com/people/54184/gary-mcdonald
Rating          -1              
Comments        default comments

[0;1mJoanna Leeds[0m
ID              31623           
Score           32.50           
Query Name      joanna          
Image URL       defaultProfile.png
Bio Link        http://www.tvmaze.com/people/31623/joanna-leeds
Rating          -1              
Comments        default comments

[0;1mPaul Root[0m
ID              1760            
Score           22.06           
Query Name      paul            
Image URL       http://static.tvmaze.com/uploads/images/medium_portrait/54/135656.jpg
Bio Link        http://www.tvmaze.com/people/1760/paul-root
Rating          -1              
Comments        default comments

[0;1mLuke Kirby[0m
ID              17824           
Score           30.62           
Query Name      luke            
Image URL       http://static.tvmaze.com/uploads/images/medium_portrait/71/179790.jpg
Bio Link        http://www.tvmaze.com/people/17824/luke-kirby
Rating          -1              
Comments        default comments

[0;1mBilly Eichner[0m
ID              21340           
Score           30.93           
Query Name      billy           
Image URL       http://static.tvmaze.com/uploads/images/medium_portrait/9/23360.jpg
Bio Link        http://www.tvmaze.com/people/21340/billy-eichner
Rating          -1              
Comments        default comments

[0;1mBilly Wirth[0m
ID              7659            
Score           30.93           
Query Name      billy           
Image URL       http://static.tvmaze.com/uploads/images/medium_portrait/29/73310.jpg
Bio Link        http://www.tvmaze.com/people/7659/billy-wirth
Rating          -1              
Comments        default comments

[0;1mAlan Burnett[0m
ID              46547           
Score           27.67           
Query Name      alan            
Image URL       defaultProfile.png
Bio Link        http://www.tvmaze.com/people/46547/alan-burnett
Rating          -1              
Comments        default comments

[0;1mJane Hajduk[0m
ID              8380            
Score           29.00           
Query Name      jane            
Image URL       defaultProfile.png
Bio Link        http://www.tvmaze.com/people/8380/jane-hajduk
Rating          -1              
Comments        default comments

[0;1mPaul Rolfes[0m
ID              1099            
Score           22.06           
Query Name      paul            
Image URL       http://static.tvmaze.com/uploads/images/medium_portrait/2/6315.jpg
Bio Link        http://www.tvmaze.com/people/1099/paul-rolfes
Rating          -1              
Comments        default comments

[0;1mShaun Dooley[0m
ID              37862           
Score           35.12           
Query Name      shaun           
Image URL       http://static.tvmaze.com/uploads/images/medium_portrait/8/21439.jpg
Bio Link        http://www.tvmaze.com/people/37862/shaun-dooley
Rating          -1              
Comments        default comments

[0;1mJohn Behring[0m
ID              366             
Score           19.68           
Query Name      john            
Image URL       defaultProfile.png
Bio Link        http://www.tvmaze.com/people/366/john-behring
Rating          -1              
Comments        default comments

[0;1mJoanna Strapp[0m
ID              26141           
Score           32.50           
Query Name      joanna          
Image URL       http://static.tvmaze.com/uploads/images/medium_portrait/8/20381.jpg
Bio Link        http://www.tvmaze.com/people/26141/joanna-strapp
Rating          -1              
Comments        default comments

[0;1mJoanna Bacalso[0m
ID              2348            
Score           32.50           
Query Name      joanna          
Image URL       defaultProfile.png
Bio Link        http://www.tvmaze.com/people/2348/joanna-bacalso
Rating          -1              
Comments        default comments

[0;1mShaun Brady[0m
ID              41725           
Score           35.12           
Query Name      shaun           
Image URL       defaultProfile.png
Bio Link        http://www.tvmaze.com/people/41725/shaun-brady
Rating          -1              
Comments        default comments

[0;1mKate Vernon[0m
ID              852             
Score           27.95           
Query Name      kate            
Image URL       http://static.tvmaze.com/uploads/images/medium_portrait/1/4551.jpg
Bio Link        http://www.tvmaze.com/people/852/kate-vernon
Rating          -1              
Comments        default comments

[0;1mJoanna Liao[0m
ID              20614           
Score           32.50           
Query Name      joanna          
Image URL       defaultProfile.png
Bio Link        http://www.tvmaze.com/people/20614/joanna-liao
Rating          -1              
Comments        default comments

[0;1mLuke Kleintank[0m
ID              16418           
Score           30.62           
Query Name      luke            
Image URL       http://static.tvmaze.com/uploads/images/medium_portrait/10/26051.jpg
Bio Link        http://www.tvmaze.com/people/16418/luke-kleintank
Rating          -1              
Comments        default comments

[0;1mLynn McArthur[0m
ID              56687           
Score           7.66            
Query Name      macarthur       
Image URL       defaultProfile.png
Bio Link        http://www.tvmaze.com/people/56687/lynn-mcarthur
Rating          -1              
Comments        default comments

[0;1mAlan Metzger[0m
ID              18569           
Score           27.67           
Query Name      alan            
Image URL       defaultProfile.png
Bio Link        http://www.tvmaze.com/people/18569/alan-metzger
Rating          -1              
Comments        default comments

[0;1mAlan D'Antoni[0m
ID              30329           
Score           27.67           
Query Name      alan            
Image URL       defaultProfile.png
Bio Link        http://www.tvmaze.com/people/30329/alan-dantoni
Rating          -1              
Comments        default comments

[0;1mMichael McDonald[0m
ID              26876           
Score           35.83           
Query Name      mcdonald        
Image URL       http://static.tvmaze.com/uploads/images/medium_portrait/14/36000.jpg
Bio Link        http://www.tvmaze.com/people/26876/michael-mcdonald
Rating          -1              
Comments        default comments

[0;1mBilly Parriott[0m
ID              41030           
Score           30.93           
Query Name      billy           
Image URL       defaultProfile.png
Bio Link        http://www.tvmaze.com/people/41030/billy-parriott
Rating          -1              
Comments        default comments

[0;1mLuke Stockalper[0m
ID              33706           
Score           30.62           
Query Name      luke            
Image URL       defaultProfile.png
Bio Link        http://www.tvmaze.com/people/33706/luke-stockalper
Rating          -1              
Comments        default comments

[0;1mSweeney MacArthur[0m
ID              133772          
Score           45.57           
Query Name      macarthur       
Image URL       defaultProfile.png
Bio Link        http://www.tvmaze.com/people/133772/sweeney-macarthur
Rating          4               
Comments        I am Sweeney MacArthur

[0;1mEdith MacArthur[0m
ID              78077           
Score           45.57           
Query Name      macarthur       
Image URL       defaultProfile.png
Bio Link        http://www.tvmaze.com/people/78077/edith-macarthur
Rating          -1              
Comments        default comments

[0;1mSean McDonald[0m
ID              80891           
Score           35.83           
Query Name      mcdonald        
Image URL       defaultProfile.png
Bio Link        http://www.tvmaze.com/people/80891/sean-mcdonald
Rating          -1              
Comments        default comments

[0;1mNicholas McDonald[0m
ID              11511           
Score           35.83           
Query Name      mcdonald        
Image URL       defaultProfile.png
Bio Link        http://www.tvmaze.com/people/11511/nicholas-mcdonald
Rating          -1              
Comments        default comments

[0;1mLuke Buckberrough[0m
ID              26356           
Score           30.62           
Query Name      luke            
Image URL       defaultProfile.png
Bio Link        http://www.tvmaze.com/people/26356/luke-buckberrough
Rating          -1              
Comments        default comments

[0;1mJane Greer[0m
ID              29224           
Score           29.00           
Query Name      jane            
Image URL       defaultProfile.png
Bio Link        http://www.tvmaze.com/people/29224/jane-greer
Rating          -1              
Comments        default comments

[0;1mScott MacArthur[0m
ID              10656           
Score           45.57           
Query Name      macarthur       
Image URL       http://static.tvmaze.com/uploads/images/medium_portrait/89/222591.jpg
Bio Link        http://www.tvmaze.com/people/10656/scott-macarthur
Rating          -1              
Comments        default comments

[0;1mKate Lacey[0m
ID              9190            
Score           27.95           
Query Name      kate            
Image URL       defaultProfile.png
Bio Link        http://www.tvmaze.com/people/9190/kate-lacey
Rating          -1              
Comments        default comments

[0;1mPaul Amos[0m
ID              2308            
Score           22.06           
Query Name      paul            
Image URL       http://static.tvmaze.com/uploads/images/medium_portrait/54/136059.jpg
Bio Link        http://www.tvmaze.com/people/2308/paul-amos
Rating          -1              
Comments        default comments

[0;1mShaun Baker[0m
ID              60319           
Score           35.12           
Query Name      shaun           
Image URL       http://static.tvmaze.com/uploads/images/medium_portrait/12/30488.jpg
Bio Link        http://www.tvmaze.com/people/60319/shaun-baker
Rating          -1              
Comments        default comments

[0;1mKate Greenhouse[0m
ID              16075           
Score           27.95           
Query Name      kate            
Image URL       http://static.tvmaze.com/uploads/images/medium_portrait/28/70900.jpg
Bio Link        http://www.tvmaze.com/people/16075/kate-greenhouse
Rating          -1              
Comments        default comments

[0;1mKate Dickie[0m
ID              14530           
Score           27.95           
Query Name      kate            
Image URL       http://static.tvmaze.com/uploads/images/medium_portrait/8/20527.jpg
Bio Link        http://www.tvmaze.com/people/14530/kate-dickie
Rating          -1              
Comments        default comments

[0;1mJane Alexander[0m
ID              18450           
Score           29.00           
Query Name      jane            
Image URL       http://static.tvmaze.com/uploads/images/medium_portrait/24/62456.jpg
Bio Link        http://www.tvmaze.com/people/18450/jane-alexander
Rating          -1              
Comments        default comments

[0;1mPaul Andrich[0m
ID              4054            
Score           22.06           
Query Name      paul            
Image URL       http://static.tvmaze.com/uploads/images/medium_portrait/5/14162.jpg
Bio Link        http://www.tvmaze.com/people/4054/paul-andrich
Rating          -1              
Comments        default comments

[0;1mBilly Stone[0m
ID              45898           
Score           30.93           
Query Name      billy           
Image URL       defaultProfile.png
Bio Link        http://www.tvmaze.com/people/45898/billy-stone
Rating          -1              
Comments        default comments

listPersonsByRating
[0;1mLuke Goss[0m
ID              29440           
Score           30.62           
Query Name      luke            
Image URL       http://static.tvmaze.com/uploads/images/medium_portrait/8/20416.jpg
Bio Link        http://www.tvmaze.com/people/29440/luke-goss
Rating          5               
Comments        default comments

[0;1mStuart McDonald[0m
ID              56762           
Score           35.83           
Query Name      mcdonald        
Image URL       defaultProfile.png
Bio Link        http://www.tvmaze.com/people/56762/stuart-mcdonald
Rating          5               
Comments        default comments

[0;1mSweeney MacArthur[0m
ID              133772          
Score           45.57           
Query Name      macarthur       
Image URL       defaultProfile.png
Bio Link        http://www.tvmaze.com/people/133772/sweeney-macarthur
Rating          4               
Comments        I am Sweeney MacArthur

[0;1mPaul Rapovski[0m
ID              2243            
Score           22.06           
Query Name      paul            
Image URL       http://static.tvmaze.com/uploads/images/medium_portrait/2/5710.jpg
Bio Link        http://www.tvmaze.com/people/2243/paul-rapovski
Rating          -1              
Comments        default comments

[0;1mKate Herman[0m
ID              1392            
Score           27.95           
Query Name      kate            
Image URL       defaultProfile.png
Bio Link        http://www.tvmaze.com/people/1392/kate-herman
Rating          -1              
Comments        default comments

[0;1mAlan McCullough[0m
ID              2477            
Score           27.67           
Query Name      alan            
Image URL       defaultProfile.png
Bio Link        http://www.tvmaze.com/people/2477/alan-mccullough
Rating          -1              
Comments        default comments

[0;1mJoanna Becker[0m
ID              32461           
Score           32.50           
Query Name      joanna          
Image URL       defaultProfile.png
Bio Link        http://www.tvmaze.com/people/32461/joanna-becker
Rating          -1              
Comments        default comments

[0;1mJohn Treleaven[0m
ID              4335            
Score           19.68           
Query Name      john            
Image URL       http://static.tvmaze.com/uploads/images/medium_portrait/5/13853.jpg
Bio Link        http://www.tvmaze.com/people/4335/john-treleaven
Rating          -1              
Comments        default comments

[0;1mAlan Shearman[0m
ID              47836           
Score           27.67           
Query Name      alan            
Image URL       defaultProfile.png
Bio Link        http://www.tvmaze.com/people/47836/alan-shearman
Rating          -1              
Comments        default comments

[0;1mJoanna Going[0m
ID              12579           
Score           32.50           
Query Name      joanna          
Image URL       http://static.tvmaze.com/uploads/images/medium_portrait/3/8027.jpg
Bio Link        http://www.tvmaze.com/people/12579/joanna-going
Rating          -1              
Comments        default comments

[0;1mKate Mara[0m
ID              9491            
Score           27.95           
Query Name      kate            
Image URL       http://static.tvmaze.com/uploads/images/medium_portrait/2/6101.jpg
Bio Link        http://www.tvmaze.com/people/9491/kate-mara
Rating          -1              
Comments        default comments

[0;1mShaun Majumder[0m
ID              30702           
Score           35.12           
Query Name      shaun           
Image URL       http://static.tvmaze.com/uploads/images/medium_portrait/9/24243.jpg
Bio Link        http://www.tvmaze.com/people/30702/shaun-majumder
Rating          -1              
Comments        default comments

[0;1mJohn Knox[0m
ID              1451            
Score           19.68           
Query Name      john            
Image URL       defaultProfile.png
Bio Link        http://www.tvmaze.com/people/1451/john-knox
Rating          -1              
Comments        default comments

[0;1mJohn Hainsworth[0m
ID              3496            
Score           19.68           
Query Name      john            
Image URL       defaultProfile.png
Bio Link        http://www.tvmaze.com/people/3496/john-hainsworth
Rating          -1              
Comments        default comments

[0;1mLuke Ganalon[0m
ID              35327           
Score           30.62           
Query Name      luke            
Image URL       defaultProfile.png
Bio Link        http://www.tvmaze.com/people/35327/luke-ganalon
Rating          -1              
Comments        default comments

[0;1mShaun Cassidy[0m
ID              50431           
Score           35.12           
Query Name      shaun           
Image URL       defaultProfile.png
Bio Link        http://www.tvmaze.com/people/50431/shaun-cassidy
Rating          -1              
Comments        default comments

[0;1mKerri Paul[0m
ID              3121            
Score           22.06           
Query Name      paul            
Image URL       defaultProfile.png
Bio Link        http://www.tvmaze.com/people/3121/kerri-paul
Rating          -1              
Comments        default comments

[0;1mJohn Neisler[0m
ID              755             
Score           19.68           
Query Name      john            
Image URL       http://static.tvmaze.com/uploads/images/medium_portrait/2/6999.jpg
Bio Link        http://www.tvmaze.com/people/755/john-neisler
Rating          -1              
Comments        default comments

[0;1mShaun Clay[0m
ID              32534           
Score           35.12           
Query Name      shaun           
Image URL       http://static.tvmaze.com/uploads/images/medium_portrait/83/207780.jpg
Bio Link        http://www.tvmaze.com/people/32534/shaun-clay
Rating          -1              
Comments        default comments

[0;1mPaul Duchart[0m
ID              2813            
Score           22.06           
Query Name      paul            
Image URL       http://static.tvmaze.com/uploads/images/medium_portrait/5/14101.jpg
Bio Link        http://www.tvmaze.com/people/2813/paul-duchart
Rating          -1              
Comments        default comments

[0;1mJane Fergus[0m
ID              17525           
Score           29.00           
Query Name      jane            
Image URL       defaultProfile.png
Bio Link        http://www.tvmaze.com/people/17525/jane-fergus
Rating          -1              
Comments        default comments

[0;1mJane Condon[0m
ID              30771           
Score           29.00           
Query Name      jane            
Image URL       defaultProfile.png
Bio Link        http://www.tvmaze.com/people/30771/jane-condon
Rating          -1              
Comments        default comments

[0;1mErin MacArthur[0m
ID              48281           
Score           45.57           
Query Name      macarthur       
Image URL       defaultProfile.png
Bio Link        http://www.tvmaze.com/people/48281/erin-macarthur
Rating          -1              
Comments        default comments

[0;1mLuke MacFarlane[0m
ID              22498           
Score           30.62           
Query Name      luke            
Image URL       http://static.tvmaze.com/uploads/images/medium_portrait/10/25634.jpg
Bio Link        http://www.tvmaze.com/people/22498/luke-macfarlane
Rating          -1              
Comments        default comments

[0;1mBilly MacLellan[0m
ID              2472            
Score           30.93           
Query Name      billy           
Image URL       http://static.tvmaze.com/uploads/images/medium_portrait/10/25948.jpg
Bio Link        http://www.tvmaze.com/people/2472/billy-maclellan
Rating          -1              
Comments        default comments

[0;1mShaun Powell[0m
ID              20018           
Score           35.12           
Query Name      shaun           
Image URL       defaultProfile.png
Bio Link        http://www.tvmaze.com/people/20018/shaun-powell
Rating          -1              
Comments        default comments

[0;1mCornelius Macarthy[0m
ID              161541          
Score           8.03            
Query Name      macarthur       
Image URL       defaultProfile.png
Bio Link        http://www.tvmaze.com/people/161541/cornelius-macarthy
Rating          -1              
Comments        default comments

[0;1mJohn Bernecker[0m
ID              708             
Score           19.68           
Query Name      john            
Image URL       defaultProfile.png
Bio Link        http://www.tvmaze.com/people/708/john-bernecker
Rating          -1              
Comments        default comments

[0;1mJoanna Bool[0m
ID              26593           
Score           32.50           
Query Name      joanna          
Image URL       defaultProfile.png
Bio Link        http://www.tvmaze.com/people/26593/joanna-bool
Rating          -1              
Comments        default comments

[0;1mPaul McGillion[0m
ID              3007            
Score           22.06           
Query Name      paul            
Image URL       http://static.tvmaze.com/uploads/images/medium_portrait/69/172938.jpg
Bio Link        http://www.tvmaze.com/people/3007/paul-mcgillion
Rating          -1              
Comments        default comments

[0;1mRobin McDonald[0m
ID              45657           
Score           35.83           
Query Name      mcdonald        
Image URL       defaultProfile.png
Bio Link        http://www.tvmaze.com/people/45657/robin-mcdonald
Rating          -1              
Comments        default comments

[0;1mAlan Metoskie[0m
ID              42016           
Score           27.67           
Query Name      alan            
Image URL       defaultProfile.png
Bio Link        http://www.tvmaze.com/people/42016/alan-metoskie
Rating          -1              
Comments        default comments

[0;1mJane Espenson[0m
ID              2939            
Score           29.00           
Query Name      jane            
Image URL       http://static.tvmaze.com/uploads/images/medium_portrait/37/94911.jpg
Bio Link        http://www.tvmaze.com/people/2939/jane-espenson
Rating          -1              
Comments        default comments

[0;1mShaun Himmerick[0m
ID              43500           
Score           35.12           
Query Name      shaun           
Image URL       defaultProfile.png
Bio Link        http://www.tvmaze.com/people/43500/shaun-himmerick
Rating          -1              
Comments        default comments

[0;1mPaul Batten[0m
ID              4523            
Score           22.06           
Query Name      paul            
Image URL       http://static.tvmaze.com/uploads/images/medium_portrait/5/13148.jpg
Bio Link        http://www.tvmaze.com/people/4523/paul-batten
Rating          -1              
Comments        default comments

[0;1mJane Nichols[0m
ID              20168           
Score           29.00           
Query Name      jane            
Image URL       defaultProfile.png
Bio Link        http://www.tvmaze.com/people/20168/jane-nichols
Rating          -1              
Comments        default comments

[0;1mJames MacArthur[0m
ID              51655           
Score           45.57           
Query Name      macarthur       
Image URL       http://static.tvmaze.com/uploads/images/medium_portrait/17/42951.jpg
Bio Link        http://www.tvmaze.com/people/51655/james-macarthur
Rating          -1              
Comments        default comments

[0;1mJane Adams[0m
ID              24936           
Score           29.00           
Query Name      jane            
Image URL       http://static.tvmaze.com/uploads/images/medium_portrait/7/17708.jpg
Bio Link        http://www.tvmaze.com/people/24936/jane-adams
Rating          -1              
Comments        default comments

[0;1mKevonte McDonald[0m
ID              81017           
Score           35.83           
Query Name      mcdonald        
Image URL       defaultProfile.png
Bio Link        http://www.tvmaze.com/people/81017/kevonte-mcdonald
Rating          -1              
Comments        default comments

[0;1mKate Garwood[0m
ID              5448            
Score           27.95           
Query Name      kate            
Image URL       defaultProfile.png
Bio Link        http://www.tvmaze.com/people/5448/kate-garwood
Rating          -1              
Comments        default comments

[0;1mAlan Tang[0m
ID              2264            
Score           27.67           
Query Name      alan            
Image URL       http://static.tvmaze.com/uploads/images/medium_portrait/1/3881.jpg
Bio Link        http://www.tvmaze.com/people/2264/alan-tang
Rating          -1              
Comments        default comments

[0;1mAlan Autry[0m
ID              38910           
Score           27.67           
Query Name      alan            
Image URL       http://static.tvmaze.com/uploads/images/medium_portrait/29/73366.jpg
Bio Link        http://www.tvmaze.com/people/38910/alan-autry
Rating          -1              
Comments        default comments

[0;1mLuke Mitchell[0m
ID              33790           
Score           30.62           
Query Name      luke            
Image URL       http://static.tvmaze.com/uploads/images/medium_portrait/3/8592.jpg
Bio Link        http://www.tvmaze.com/people/33790/luke-mitchell
Rating          -1              
Comments        default comments

[0;1mHayes MacArthur[0m
ID              31790           
Score           45.57           
Query Name      macarthur       
Image URL       http://static.tvmaze.com/uploads/images/medium_portrait/61/153161.jpg
Bio Link        http://www.tvmaze.com/people/31790/hayes-macarthur
Rating          -1              
Comments        default comments

[0;1mShaun Micallef[0m
ID              64297           
Score           35.12           
Query Name      shaun           
Image URL       http://static.tvmaze.com/uploads/images/medium_portrait/27/69574.jpg
Bio Link        http://www.tvmaze.com/people/64297/shaun-micallef
Rating          -1              
Comments        default comments

[0;1mJane Moffat[0m
ID              35737           
Score           29.00           
Query Name      jane            
Image URL       http://static.tvmaze.com/uploads/images/medium_portrait/33/84362.jpg
Bio Link        http://www.tvmaze.com/people/35737/jane-moffat
Rating          -1              
Comments        default comments

[0;1mLuke Adams[0m
ID              3049            
Score           30.62           
Query Name      luke            
Image URL       defaultProfile.png
Bio Link        http://www.tvmaze.com/people/3049/luke-adams
Rating          -1              
Comments        default comments

[0;1mBilly Evans[0m
ID              14278           
Score           30.93           
Query Name      billy           
Image URL       defaultProfile.png
Bio Link        http://www.tvmaze.com/people/14278/billy-evans
Rating          -1              
Comments        default comments

[0;1mAlan DiFiore[0m
ID              1531            
Score           27.67           
Query Name      alan            
Image URL       defaultProfile.png
Bio Link        http://www.tvmaze.com/people/1531/alan-difiore
Rating          -1              
Comments        default comments

[0;1mDavid MacArthur[0m
ID              165064          
Score           45.57           
Query Name      macarthur       
Image URL       defaultProfile.png
Bio Link        http://www.tvmaze.com/people/165064/david-macarthur
Rating          -1              
Comments        default comments

[0;1mKate Frisbee[0m
ID              11893           
Score           27.95           
Query Name      kate            
Image URL       http://static.tvmaze.com/uploads/images/medium_portrait/4/11014.jpg
Bio Link        http://www.tvmaze.com/people/11893/kate-frisbee
Rating          -1              
Comments        default comments

[0;1mBilly Lush[0m
ID              19479           
Score           30.93           
Query Name      billy           
Image URL       http://static.tvmaze.com/uploads/images/medium_portrait/4/11998.jpg
Bio Link        http://www.tvmaze.com/people/19479/billy-lush
Rating          -1              
Comments        default comments

[0;1mKate Rylie[0m
ID              12140           
Score           27.95           
Query Name      kate            
Image URL       defaultProfile.png
Bio Link        http://www.tvmaze.com/people/12140/kate-rylie
Rating          -1              
Comments        default comments

[0;1mJohn Voth[0m
ID              4558            
Score           19.68           
Query Name      john            
Image URL       http://static.tvmaze.com/uploads/images/medium_portrait/5/13064.jpg
Bio Link        http://www.tvmaze.com/people/4558/john-voth
Rating          -1              
Comments        default comments

[0;1mPatrick McDonald[0m
ID              30763           
Score           35.83           
Query Name      mcdonald        
Image URL       defaultProfile.png
Bio Link        http://www.tvmaze.com/people/30763/patrick-mcdonald
Rating          -1              
Comments        default comments

[0;1mDevon Alan[0m
ID              21668           
Score           27.67           
Query Name      alan            
Image URL       defaultProfile.png
Bio Link        http://www.tvmaze.com/people/21668/devon-alan
Rating          -1              
Comments        default comments

[0;1mJohn Fawcett[0m
ID              253             
Score           19.68           
Query Name      john            
Image URL       defaultProfile.png
Bio Link        http://www.tvmaze.com/people/253/john-fawcett
Rating          -1              
Comments        default comments

[0;1mAmber MacArthur[0m
ID              127494          
Score           45.57           
Query Name      macarthur       
Image URL       defaultProfile.png
Bio Link        http://www.tvmaze.com/people/127494/amber-macarthur
Rating          -1              
Comments        default comments

[0;1mJoanna Sanchez[0m
ID              38418           
Score           32.50           
Query Name      joanna          
Image URL       defaultProfile.png
Bio Link        http://www.tvmaze.com/people/38418/joanna-sanchez
Rating          -1              
Comments        default comments

[0;1mBrenda McDonald[0m
ID              3640            
Score           35.83           
Query Name      mcdonald        
Image URL       defaultProfile.png
Bio Link        http://www.tvmaze.com/people/3640/brenda-mcdonald
Rating          -1              
Comments        default comments

[0;1mBilly West[0m
ID              49026           
Score           30.93           
Query Name      billy           
Image URL       http://static.tvmaze.com/uploads/images/medium_portrait/4/11404.jpg
Bio Link        http://www.tvmaze.com/people/49026/billy-west
Rating          -1              
Comments        default comments

[0;1mBilly Wood[0m
ID              25714           
Score           30.93           
Query Name      billy           
Image URL       defaultProfile.png
Bio Link        http://www.tvmaze.com/people/25714/billy-wood
Rating          -1              
Comments        default comments

[0;1mShaun Hennessy[0m
ID              38553           
Score           35.12           
Query Name      shaun           
Image URL       defaultProfile.png
Bio Link        http://www.tvmaze.com/people/38553/shaun-hennessy
Rating          -1              
Comments        default comments

[0;1mLuke Loving[0m
ID              14028           
Score           30.62           
Query Name      luke            
Image URL       defaultProfile.png
Bio Link        http://www.tvmaze.com/people/14028/luke-loving
Rating          -1              
Comments        default comments

[0;1mJohn Casino[0m
ID              44              
Score           19.68           
Query Name      john            
Image URL       http://static.tvmaze.com/uploads/images/medium_portrait/4/10255.jpg
Bio Link        http://www.tvmaze.com/people/44/john-casino
Rating          -1              
Comments        default comments

[0;1mJoanna Flores[0m
ID              12647           
Score           32.50           
Query Name      joanna          
Image URL       defaultProfile.png
Bio Link        http://www.tvmaze.com/people/12647/joanna-flores
Rating          -1              
Comments        default comments

[0;1mBilly Tilk[0m
ID              36490           
Score           30.93           
Query Name      billy           
Image URL       defaultProfile.png
Bio Link        http://www.tvmaze.com/people/36490/billy-tilk
Rating          -1              
Comments        default comments

[0;1mPaul Holahan[0m
ID              4899            
Score           22.06           
Query Name      paul            
Image URL       defaultProfile.png
Bio Link        http://www.tvmaze.com/people/4899/paul-holahan
Rating          -1              
Comments        default comments

[0;1mJoanna Wolff[0m
ID              18323           
Score           32.50           
Query Name      joanna          
Image URL       defaultProfile.png
Bio Link        http://www.tvmaze.com/people/18323/joanna-wolff
Rating          -1              
Comments        default comments

[0;1mJosh McDonald[0m
ID              16049           
Score           35.83           
Query Name      mcdonald        
Image URL       defaultProfile.png
Bio Link        http://www.tvmaze.com/people/16049/josh-mcdonald
Rating          -1              
Comments        default comments

[0;1mArtin John[0m
ID              452             
Score           19.68           
Query Name      john            
Image URL       http://static.tvmaze.com/uploads/images/medium_portrait/3/7665.jpg
Bio Link        http://www.tvmaze.com/people/452/artin-john
Rating          -1              
Comments        default comments

[0;1mJane Carr[0m
ID              28870           
Score           29.00           
Query Name      jane            
Image URL       http://static.tvmaze.com/uploads/images/medium_portrait/39/98679.jpg
Bio Link        http://www.tvmaze.com/people/28870/jane-carr
Rating          -1              
Comments        default comments

[0;1mKate Hamilton[0m
ID              13751           
Score           27.95           
Query Name      kate            
Image URL       defaultProfile.png
Bio Link        http://www.tvmaze.com/people/13751/kate-hamilton
Rating          -1              
Comments        default comments

[0;1mGary McDonald[0m
ID              54184           
Score           35.83           
Query Name      mcdonald        
Image URL       defaultProfile.png
Bio Link        http://www.tvmaze.com/people/54184/gary-mcdonald
Rating          -1              
Comments        default comments

[0;1mJoanna Leeds[0m
ID              31623           
Score           32.50           
Query Name      joanna          
Image URL       defaultProfile.png
Bio Link        http://www.tvmaze.com/people/31623/joanna-leeds
Rating          -1              
Comments        default comments

[0;1mPaul Root[0m
ID              1760            
Score           22.06           
Query Name      paul            
Image URL       http://static.tvmaze.com/uploads/images/medium_portrait/54/135656.jpg
Bio Link        http://www.tvmaze.com/people/1760/paul-root
Rating          -1              
Comments        default comments

[0;1mLuke Kirby[0m
ID              17824           
Score           30.62           
Query Name      luke            
Image URL       http://static.tvmaze.com/uploads/images/medium_portrait/71/179790.jpg
Bio Link        http://www.tvmaze.com/people/17824/luke-kirby
Rating          -1              
Comments        default comments

[0;1mBilly Eichner[0m
ID              21340           
Score           30.93           
Query Name      billy           
Image URL       http://static.tvmaze.com/uploads/images/medium_portrait/9/23360.jpg
Bio Link        http://www.tvmaze.com/people/21340/billy-eichner
Rating          -1              
Comments        default comments

[0;1mBilly Wirth[0m
ID              7659            
Score           30.93           
Query Name      billy           
Image URL       http://static.tvmaze.com/uploads/images/medium_portrait/29/73310.jpg
Bio Link        http://www.tvmaze.com/people/7659/billy-wirth
Rating          -1              
Comments        default comments

[0;1mAlan Burnett[0m
ID              46547           
Score           27.67           
Query Name      alan            
Image URL       defaultProfile.png
Bio Link        http://www.tvmaze.com/people/46547/alan-burnett
Rating          -1              
Comments        default comments

[0;1mJane Hajduk[0m
ID              8380            
Score           29.00           
Query Name      jane            
Image URL       defaultProfile.png
Bio Link        http://www.tvmaze.com/people/8380/jane-hajduk
Rating          -1              
Comments        default comments

[0;1mPaul Rolfes[0m
ID              1099            
Score           22.06           
Query Name      paul            
Image URL       http://static.tvmaze.com/uploads/images/medium_portrait/2/6315.jpg
Bio Link        http://www.tvmaze.com/people/1099/paul-rolfes
Rating          -1              
Comments        default comments

[0;1mShaun Dooley[0m
ID              37862           
Score           35.12           
Query Name      shaun           
Image URL       http://static.tvmaze.com/uploads/images/medium_portrait/8/21439.jpg
Bio Link        http://www.tvmaze.com/people/37862/shaun-dooley
Rating          -1              
Comments        default comments

[0;1mJohn Behring[0m
ID              366             
Score           19.68           
Query Name      john            
Image URL       defaultProfile.png
Bio Link        http://www.tvmaze.com/people/366/john-behring
Rating          -1              
Comments        default comments

[0;1mJoanna Strapp[0m
ID              26141           
Score           32.50           
Query Name      joanna          
Image URL       http://static.tvmaze.com/uploads/images/medium_portrait/8/20381.jpg
Bio Link        http://www.tvmaze.com/people/26141/joanna-strapp
Rating          -1              
Comments        default comments

[0;1mJoanna Bacalso[0m
ID              2348            
Score           32.50           
Query Name      joanna          
Image URL       defaultProfile.png
Bio Link        http://www.tvmaze.com/people/2348/joanna-bacalso
Rating          -1              
Comments        default comments

[0;1mShaun Brady[0m
ID              41725           
Score           35.12           
Query Name      shaun           
Image URL       defaultProfile.png
Bio Link        http://www.tvmaze.com/people/41725/shaun-brady
Rating          -1              
Comments        default comments

[0;1mKate Vernon[0m
ID              852             
Score           27.95           
Query Name      kate            
Image URL       http://static.tvmaze.com/uploads/images/medium_portrait/1/4551.jpg
Bio Link        http://www.tvmaze.com/people/852/kate-vernon
Rating          -1              
Comments        default comments

[0;1mJoanna Liao[0m
ID              20614           
Score           32.50           
Query Name      joanna          
Image URL       defaultProfile.png
Bio Link        http://www.tvmaze.com/people/20614/joanna-liao
Rating          -1              
Comments        default comments

[0;1mLuke Kleintank[0m
ID              16418           
Score           30.62           
Query Name      luke            
Image URL       http://static.tvmaze.com/uploads/images/medium_portrait/10/26051.jpg
Bio Link        http://www.tvmaze.com/people/16418/luke-kleintank
Rating          -1              
Comments        default comments

[0;1mLynn McArthur[0m
ID              56687           
Score           7.66            
Query Name      macarthur       
Image URL       defaultProfile.png
Bio Link        http://www.tvmaze.com/people/56687/lynn-mcarthur
Rating          -1              
Comments        default comments

[0;1mAlan Metzger[0m
ID              18569           
Score           27.67           
Query Name      alan            
Image URL       defaultProfile.png
Bio Link        http://www.tvmaze.com/people/18569/alan-metzger
Rating          -1              
Comments        default comments

[0;1mAlan D'Antoni[0m
ID              30329           
Score           27.67           
Query Name      alan            
Image URL       defaultProfile.png
Bio Link        http://www.tvmaze.com/people/30329/alan-dantoni
Rating          -1              
Comments        default comments

[0;1mMichael McDonald[0m
ID              26876           
Score           35.83           
Query Name      mcdonald        
Image URL       http://static.tvmaze.com/uploads/images/medium_portrait/14/36000.jpg
Bio Link        http://www.tvmaze.com/people/26876/michael-mcdonald
Rating          -1              
Comments        default comments

[0;1mBilly Parriott[0m
ID              41030           
Score           30.93           
Query Name      billy           
Image URL       defaultProfile.png
Bio Link        http://www.tvmaze.com/people/41030/billy-parriott
Rating          -1              
Comments        default comments

[0;1mLuke Stockalper[0m
ID              33706           
Score           30.62           
Query Name      luke            
Image URL       defaultProfile.png
Bio Link        http://www.tvmaze.com/people/33706/luke-stockalper
Rating          -1              
Comments        default comments

[0;1mEdith MacArthur[0m
ID              78077           
Score           45.57           
Query Name      macarthur       
Image URL       defaultProfile.png
Bio Link        http://www.tvmaze.com/people/78077/edith-macarthur
Rating          -1              
Comments        default comments

[0;1mSean McDonald[0m
ID              80891           
Score           35.83           
Query Name      mcdonald        
Image URL       defaultProfile.png
Bio Link        http://www.tvmaze.com/people/80891/sean-mcdonald
Rating          -1              
Comments        default comments

[0;1mNicholas McDonald[0m
ID              11511           
Score           35.83           
Query Name      mcdonald        
Image URL       defaultProfile.png
Bio Link        http://www.tvmaze.com/people/11511/nicholas-mcdonald
Rating          -1              
Comments        default comments

[0;1mLuke Buckberrough[0m
ID              26356           
Score           30.62           
Query Name      luke            
Image URL       defaultProfile.png
Bio Link        http://www.tvmaze.com/people/26356/luke-buckberrough
Rating          -1              
Comments        default comments

[0;1mJane Greer[0m
ID              29224           
Score           29.00           
Query Name      jane            
Image URL       defaultProfile.png
Bio Link        http://www.tvmaze.com/people/29224/jane-greer
Rating          -1              
Comments        default comments

[0;1mScott MacArthur[0m
ID              10656           
Score           45.57           
Query Name      macarthur       
Image URL       http://static.tvmaze.com/uploads/images/medium_portrait/89/222591.jpg
Bio Link        http://www.tvmaze.com/people/10656/scott-macarthur
Rating          -1              
Comments        default comments

[0;1mKate Lacey[0m
ID              9190            
Score           27.95           
Query Name      kate            
Image URL       defaultProfile.png
Bio Link        http://www.tvmaze.com/people/9190/kate-lacey
Rating          -1              
Comments        default comments

[0;1mPaul Amos[0m
ID              2308            
Score           22.06           
Query Name      paul            
Image URL       http://static.tvmaze.com/uploads/images/medium_portrait/54/136059.jpg
Bio Link        http://www.tvmaze.com/people/2308/paul-amos
Rating          -1              
Comments        default comments

[0;1mShaun Baker[0m
ID              60319           
Score           35.12           
Query Name      shaun           
Image URL       http://static.tvmaze.com/uploads/images/medium_portrait/12/30488.jpg
Bio Link        http://www.tvmaze.com/people/60319/shaun-baker
Rating          -1              
Comments        default comments

[0;1mKate Greenhouse[0m
ID              16075           
Score           27.95           
Query Name      kate            
Image URL       http://static.tvmaze.com/uploads/images/medium_portrait/28/70900.jpg
Bio Link        http://www.tvmaze.com/people/16075/kate-greenhouse
Rating          -1              
Comments        default comments

[0;1mKate Dickie[0m
ID              14530           
Score           27.95           
Query Name      kate            
Image URL       http://static.tvmaze.com/uploads/images/medium_portrait/8/20527.jpg
Bio Link        http://www.tvmaze.com/people/14530/kate-dickie
Rating          -1              
Comments        default comments

[0;1mJane Alexander[0m
ID              18450           
Score           29.00           
Query Name      jane            
Image URL       http://static.tvmaze.com/uploads/images/medium_portrait/24/62456.jpg
Bio Link        http://www.tvmaze.com/people/18450/jane-alexander
Rating          -1              
Comments        default comments

[0;1mPaul Andrich[0m
ID              4054            
Score           22.06           
Query Name      paul            
Image URL       http://static.tvmaze.com/uploads/images/medium_portrait/5/14162.jpg
Bio Link        http://www.tvmaze.com/people/4054/paul-andrich
Rating          -1              
Comments        default comments

[0;1mBilly Stone[0m
ID              45898           
Score           30.93           
Query Name      billy           
Image URL       defaultProfile.png
Bio Link        http://www.tvmaze.com/people/45898/billy-stone
Rating          -1              
Comments        default comments

getPersons
writePersonData
exportToHMTL

There are no search results to display.
Please perform a search from the main menu...
searchLocalRecords
PASSED
Person{score=35.116993, queryName=shaun, name=Shaun Majumder, id=30702, imageUrl=http://static.tvmaze.com/uploads/images/medium_portrait/9/24243.jpg, personLink=http://www.tvmaze.com/people/30702/shaun-majumder, myRating=-1, myComments=default comments}
Person{score=35.116993, queryName=shaun, name=Shaun Cassidy, id=50431, imageUrl=defaultProfile.png, personLink=http://www.tvmaze.com/people/50431/shaun-cassidy, myRating=-1, myComments=default comments}
Person{score=35.116993, queryName=shaun, name=Shaun Clay, id=32534, imageUrl=http://static.tvmaze.com/uploads/images/medium_portrait/83/207780.jpg, personLink=http://www.tvmaze.com/people/32534/shaun-clay, myRating=-1, myComments=default comments}
Person{score=35.116993, queryName=shaun, name=Shaun Powell, id=20018, imageUrl=defaultProfile.png, personLink=http://www.tvmaze.com/people/20018/shaun-powell, myRating=-1, myComments=default comments}
Person{score=35.116993, queryName=shaun, name=Shaun Himmerick, id=43500, imageUrl=defaultProfile.png, personLink=http://www.tvmaze.com/people/43500/shaun-himmerick, myRating=-1, myComments=default comments}
Person{score=35.116993, queryName=shaun, name=Shaun Micallef, id=64297, imageUrl=http://static.tvmaze.com/uploads/images/medium_portrait/27/69574.jpg, personLink=http://www.tvmaze.com/people/64297/shaun-micallef, myRating=-1, myComments=default comments}
Person{score=35.116993, queryName=shaun, name=Shaun Hennessy, id=38553, imageUrl=defaultProfile.png, personLink=http://www.tvmaze.com/people/38553/shaun-hennessy, myRating=-1, myComments=default comments}
Person{score=35.116993, queryName=shaun, name=Shaun Dooley, id=37862, imageUrl=http://static.tvmaze.com/uploads/images/medium_portrait/8/21439.jpg, personLink=http://www.tvmaze.com/people/37862/shaun-dooley, myRating=-1, myComments=default comments}
Person{score=35.116993, queryName=shaun, name=Shaun Brady, id=41725, imageUrl=defaultProfile.png, personLink=http://www.tvmaze.com/people/41725/shaun-brady, myRating=-1, myComments=default comments}
Person{score=35.116993, queryName=shaun, name=Shaun Baker, id=60319, imageUrl=http://static.tvmaze.com/uploads/images/medium_portrait/12/30488.jpg, personLink=http://www.tvmaze.com/people/60319/shaun-baker, myRating=-1, myComments=default comments}
listPersonsByID
[0;1mJohn Casino[0m
ID              44              
Score           19.68           
Query Name      john            
Image URL       http://static.tvmaze.com/uploads/images/medium_portrait/4/10255.jpg
Bio Link        http://www.tvmaze.com/people/44/john-casino
Rating          -1              
Comments        default comments

[0;1mJohn Fawcett[0m
ID              253             
Score           19.68           
Query Name      john            
Image URL       defaultProfile.png
Bio Link        http://www.tvmaze.com/people/253/john-fawcett
Rating          -1              
Comments        default comments

[0;1mJohn Behring[0m
ID              366             
Score           19.68           
Query Name      john            
Image URL       defaultProfile.png
Bio Link        http://www.tvmaze.com/people/366/john-behring
Rating          -1              
Comments        default comments

[0;1mArtin John[0m
ID              452             
Score           19.68           
Query Name      john            
Image URL       http://static.tvmaze.com/uploads/images/medium_portrait/3/7665.jpg
Bio Link        http://www.tvmaze.com/people/452/artin-john
Rating          -1              
Comments        default comments

[0;1mJohn Bernecker[0m
ID              708             
Score           19.68           
Query Name      john            
Image URL       defaultProfile.png
Bio Link        http://www.tvmaze.com/people/708/john-bernecker
Rating          -1              
Comments        default comments

[0;1mJohn Neisler[0m
ID              755             
Score           19.68           
Query Name      john            
Image URL       http://static.tvmaze.com/uploads/images/medium_portrait/2/6999.jpg
Bio Link        http://www.tvmaze.com/people/755/john-neisler
Rating          -1              
Comments        default comments

[0;1mKate Vernon[0m
ID              852             
Score           27.95           
Query Name      kate            
Image URL       http://static.tvmaze.com/uploads/images/medium_portrait/1/4551.jpg
Bio Link        http://www.tvmaze.com/people/852/kate-vernon
Rating          -1              
Comments        default comments

[0;1mPaul Rolfes[0m
ID              1099            
Score           22.06           
Query Name      paul            
Image URL       http://static.tvmaze.com/uploads/images/medium_portrait/2/6315.jpg
Bio Link        http://www.tvmaze.com/people/1099/paul-rolfes
Rating          -1              
Comments        default comments

[0;1mKate Herman[0m
ID              1392            
Score           27.95           
Query Name      kate            
Image URL       defaultProfile.png
Bio Link        http://www.tvmaze.com/people/1392/kate-herman
Rating          -1              
Comments        default comments

[0;1mJohn Knox[0m
ID              1451            
Score           19.68           
Query Name      john            
Image URL       defaultProfile.png
Bio Link        http://www.tvmaze.com/people/1451/john-knox
Rating          -1              
Comments        default comments

[0;1mAlan DiFiore[0m
ID              1531            
Score           27.67           
Query Name      alan            
Image URL       defaultProfile.png
Bio Link        http://www.tvmaze.com/people/1531/alan-difiore
Rating          -1              
Comments        default comments

[0;1mPaul Root[0m
ID              1760            
Score           22.06           
Query Name      paul            
Image URL       http://static.tvmaze.com/uploads/images/medium_portrait/54/135656.jpg
Bio Link        http://www.tvmaze.com/people/1760/paul-root
Rating          -1              
Comments        default comments

[0;1mPaul Rapovski[0m
ID              2243            
Score           22.06           
Query Name      paul            
Image URL       http://static.tvmaze.com/uploads/images/medium_portrait/2/5710.jpg
Bio Link        http://www.tvmaze.com/people/2243/paul-rapovski
Rating          -1              
Comments        default comments

[0;1mAlan Tang[0m
ID              2264            
Score           27.67           
Query Name      alan            
Image URL       http://static.tvmaze.com/uploads/images/medium_portrait/1/3881.jpg
Bio Link        http://www.tvmaze.com/people/2264/alan-tang
Rating          -1              
Comments        default comments

[0;1mPaul Amos[0m
ID              2308            
Score           22.06           
Query Name      paul            
Image URL       http://static.tvmaze.com/uploads/images/medium_portrait/54/136059.jpg
Bio Link        http://www.tvmaze.com/people/2308/paul-amos
Rating          -1              
Comments        default comments

[0;1mJoanna Bacalso[0m
ID              2348            
Score           32.50           
Query Name      joanna          
Image URL       defaultProfile.png
Bio Link        http://www.tvmaze.com/people/2348/joanna-bacalso
Rating          -1              
Comments        default comments

[0;1mBilly MacLellan[0m
ID              2472            
Score           30.93           
Query Name      billy           
Image URL       http://static.tvmaze.com/uploads/images/medium_portrait/10/25948.jpg
Bio Link        http://www.tvmaze.com/people/2472/billy-maclellan
Rating          -1              
Comments        default comments

[0;1mAlan McCullough[0m
ID              2477            
Score           27.67           
Query Name      alan            
Image URL       defaultProfile.png
Bio Link        http://www.tvmaze.com/people/2477/alan-mccullough
Rating          -1              
Comments        default comments

[0;1mPaul Duchart[0m
ID              2813            
Score           22.06           
Query Name      paul            
Image URL       http://static.tvmaze.com/uploads/images/medium_portrait/5/14101.jpg
Bio Link        http://www.tvmaze.com/people/2813/paul-duchart
Rating          -1              
Comments        default comments

[0;1mJane Espenson[0m
ID              2939            
Score           29.00           
Query Name      jane            
Image URL       http://static.tvmaze.com/uploads/images/medium_portrait/37/94911.jpg
Bio Link        http://www.tvmaze.com/people/2939/jane-espenson
Rating          -1              
Comments        default comments

[0;1mPaul McGillion[0m
ID              3007            
Score           22.06           
Query Name      paul            
Image URL       http://static.tvmaze.com/uploads/images/medium_portrait/69/172938.jpg
Bio Link        http://www.tvmaze.com/people/3007/paul-mcgillion
Rating          -1              
Comments        default comments

[0;1mLuke Adams[0m
ID              3049            
Score           30.62           
Query Name      luke            
Image URL       defaultProfile.png
Bio Link        http://www.tvmaze.com/people/3049/luke-adams
Rating          -1              
Comments        default comments

[0;1mKerri Paul[0m
ID              3121            
Score           22.06           
Query Name      paul            
Image URL       defaultProfile.png
Bio Link        http://www.tvmaze.com/people/3121/kerri-paul
Rating          -1              
Comments        default comments

[0;1mJohn Hainsworth[0m
ID              3496            
Score           19.68           
Query Name      john            
Image URL       defaultProfile.png
Bio Link        http://www.tvmaze.com/people/3496/john-hainsworth
Rating          -1              
Comments        default comments

[0;1mBrenda McDonald[0m
ID              3640            
Score           35.83           
Query Name      mcdonald        
Image URL       defaultProfile.png
Bio Link        http://www.tvmaze.com/people/3640/brenda-mcdonald
Rating          -1              
Comments        default comments

[0;1mPaul Andrich[0m
ID              4054            
Score           22.06           
Query Name      paul            
Image URL       http://static.tvmaze.com/uploads/images/medium_portrait/5/14162.jpg
Bio Link        http://www.tvmaze.com/people/4054/paul-andrich
Rating          -1              
Comments        default comments

[0;1mJohn Treleaven[0m
ID              4335            
Score           19.68           
Query Name      john            
Image URL       http://static.tvmaze.com/uploads/images/medium_portrait/5/13853.jpg
Bio Link        http://www.tvmaze.com/people/4335/john-treleaven
Rating          -1              
Comments        default comments

[0;1mPaul Batten[0m
ID              4523            
Score           22.06           
Query Name      paul            
Image URL       http://static.tvmaze.com/uploads/images/medium_portrait/5/13148.jpg
Bio Link        http://www.tvmaze.com/people/4523/paul-batten
Rating          -1              
Comments        default comments

[0;1mJohn Voth[0m
ID              4558            
Score           19.68           
Query Name      john            
Image URL       http://static.tvmaze.com/uploads/images/medium_portrait/5/13064.jpg
Bio Link        http://www.tvmaze.com/people/4558/john-voth
Rating          -1              
Comments        default comments

[0;1mPaul Holahan[0m
ID              4899            
Score           22.06           
Query Name      paul            
Image URL       defaultProfile.png
Bio Link        http://www.tvmaze.com/people/4899/paul-holahan
Rating          -1              
Comments        default comments

[0;1mKate Garwood[0m
ID              5448            
Score           27.95           
Query Name      kate            
Image URL       defaultProfile.png
Bio Link        http://www.tvmaze.com/people/5448/kate-garwood
Rating          -1              
Comments        default comments

[0;1mBilly Wirth[0m
ID              7659            
Score           30.93           
Query Name      billy           
Image URL       http://static.tvmaze.com/uploads/images/medium_portrait/29/73310.jpg
Bio Link        http://www.tvmaze.com/people/7659/billy-wirth
Rating          -1              
Comments        default comments

[0;1mJane Hajduk[0m
ID              8380            
Score           29.00           
Query Name      jane            
Image URL       defaultProfile.png
Bio Link        http://www.tvmaze.com/people/8380/jane-hajduk
Rating          -1              
Comments        default comments

[0;1mKate Lacey[0m
ID              9190            
Score           27.95           
Query Name      kate            
Image URL       defaultProfile.png
Bio Link        http://www.tvmaze.com/people/9190/kate-lacey
Rating          -1              
Comments        default comments

[0;1mKate Mara[0m
ID              9491            
Score           27.95           
Query Name      kate            
Image URL       http://static.tvmaze.com/uploads/images/medium_portrait/2/6101.jpg
Bio Link        http://www.tvmaze.com/people/9491/kate-mara
Rating          -1              
Comments        default comments

[0;1mScott MacArthur[0m
ID              10656           
Score           45.57           
Query Name      macarthur       
Image URL       http://static.tvmaze.com/uploads/images/medium_portrait/89/222591.jpg
Bio Link        http://www.tvmaze.com/people/10656/scott-macarthur
Rating          -1              
Comments        default comments

[0;1mNicholas McDonald[0m
ID              11511           
Score           35.83           
Query Name      mcdonald        
Image URL       defaultProfile.png
Bio Link        http://www.tvmaze.com/people/11511/nicholas-mcdonald
Rating          -1              
Comments        default comments

[0;1mKate Frisbee[0m
ID              11893           
Score           27.95           
Query Name      kate            
Image URL       http://static.tvmaze.com/uploads/images/medium_portrait/4/11014.jpg
Bio Link        http://www.tvmaze.com/people/11893/kate-frisbee
Rating          -1              
Comments        default comments

[0;1mKate Rylie[0m
ID              12140           
Score           27.95           
Query Name      kate            
Image URL       defaultProfile.png
Bio Link        http://www.tvmaze.com/people/12140/kate-rylie
Rating          -1              
Comments        default comments

[0;1mJoanna Going[0m
ID              12579           
Score           32.50           
Query Name      joanna          
Image URL       http://static.tvmaze.com/uploads/images/medium_portrait/3/8027.jpg
Bio Link        http://www.tvmaze.com/people/12579/joanna-going
Rating          -1              
Comments        default comments

[0;1mJoanna Flores[0m
ID              12647           
Score           32.50           
Query Name      joanna          
Image URL       defaultProfile.png
Bio Link        http://www.tvmaze.com/people/12647/joanna-flores
Rating          -1              
Comments        default comments

[0;1mKate Hamilton[0m
ID              13751           
Score           27.95           
Query Name      kate            
Image URL       defaultProfile.png
Bio Link        http://www.tvmaze.com/people/13751/kate-hamilton
Rating          -1              
Comments        default comments

[0;1mLuke Loving[0m
ID              14028           
Score           30.62           
Query Name      luke            
Image URL       defaultProfile.png
Bio Link        http://www.tvmaze.com/people/14028/luke-loving
Rating          -1              
Comments        default comments

[0;1mBilly Evans[0m
ID              14278           
Score           30.93           
Query Name      billy           
Image URL       defaultProfile.png
Bio Link        http://www.tvmaze.com/people/14278/billy-evans
Rating          -1              
Comments        default comments

[0;1mKate Dickie[0m
ID              14530           
Score           27.95           
Query Name      kate            
Image URL       http://static.tvmaze.com/uploads/images/medium_portrait/8/20527.jpg
Bio Link        http://www.tvmaze.com/people/14530/kate-dickie
Rating          -1              
Comments        default comments

[0;1mJosh McDonald[0m
ID              16049           
Score           35.83           
Query Name      mcdonald        
Image URL       defaultProfile.png
Bio Link        http://www.tvmaze.com/people/16049/josh-mcdonald
Rating          -1              
Comments        default comments

[0;1mKate Greenhouse[0m
ID              16075           
Score           27.95           
Query Name      kate            
Image URL       http://static.tvmaze.com/uploads/images/medium_portrait/28/70900.jpg
Bio Link        http://www.tvmaze.com/people/16075/kate-greenhouse
Rating          -1              
Comments        default comments

[0;1mLuke Kleintank[0m
ID              16418           
Score           30.62           
Query Name      luke            
Image URL       http://static.tvmaze.com/uploads/images/medium_portrait/10/26051.jpg
Bio Link        http://www.tvmaze.com/people/16418/luke-kleintank
Rating          -1              
Comments        default comments

[0;1mJane Fergus[0m
ID              17525           
Score           29.00           
Query Name      jane            
Image URL       defaultProfile.png
Bio Link        http://www.tvmaze.com/people/17525/jane-fergus
Rating          -1              
Comments        default comments

[0;1mLuke Kirby[0m
ID              17824           
Score           30.62           
Query Name      luke            
Image URL       http://static.tvmaze.com/uploads/images/medium_portrait/71/179790.jpg
Bio Link        http://www.tvmaze.com/people/17824/luke-kirby
Rating          -1              
Comments        default comments

[0;1mJoanna Wolff[0m
ID              18323           
Score           32.50           
Query Name      joanna          
Image URL       defaultProfile.png
Bio Link        http://www.tvmaze.com/people/18323/joanna-wolff
Rating          -1              
Comments        default comments

[0;1mJane Alexander[0m
ID              18450           
Score           29.00           
Query Name      jane            
Image URL       http://static.tvmaze.com/uploads/images/medium_portrait/24/62456.jpg
Bio Link        http://www.tvmaze.com/people/18450/jane-alexander
Rating          -1              
Comments        default comments

[0;1mAlan Metzger[0m
ID              18569           
Score           27.67           
Query Name      alan            
Image URL       defaultProfile.png
Bio Link        http://www.tvmaze.com/people/18569/alan-metzger
Rating          -1              
Comments        default comments

[0;1mBilly Lush[0m
ID              19479           
Score           30.93           
Query Name      billy           
Image URL       http://static.tvmaze.com/uploads/images/medium_portrait/4/11998.jpg
Bio Link        http://www.tvmaze.com/people/19479/billy-lush
Rating          -1              
Comments        default comments

[0;1mShaun Powell[0m
ID              20018           
Score           35.12           
Query Name      shaun           
Image URL       defaultProfile.png
Bio Link        http://www.tvmaze.com/people/20018/shaun-powell
Rating          -1              
Comments        default comments

[0;1mJane Nichols[0m
ID              20168           
Score           29.00           
Query Name      jane            
Image URL       defaultProfile.png
Bio Link        http://www.tvmaze.com/people/20168/jane-nichols
Rating          -1              
Comments        default comments

[0;1mJoanna Liao[0m
ID              20614           
Score           32.50           
Query Name      joanna          
Image URL       defaultProfile.png
Bio Link        http://www.tvmaze.com/people/20614/joanna-liao
Rating          -1              
Comments        default comments

[0;1mBilly Eichner[0m
ID              21340           
Score           30.93           
Query Name      billy           
Image URL       http://static.tvmaze.com/uploads/images/medium_portrait/9/23360.jpg
Bio Link        http://www.tvmaze.com/people/21340/billy-eichner
Rating          -1              
Comments        default comments

[0;1mDevon Alan[0m
ID              21668           
Score           27.67           
Query Name      alan            
Image URL       defaultProfile.png
Bio Link        http://www.tvmaze.com/people/21668/devon-alan
Rating          -1              
Comments        default comments

[0;1mLuke MacFarlane[0m
ID              22498           
Score           30.62           
Query Name      luke            
Image URL       http://static.tvmaze.com/uploads/images/medium_portrait/10/25634.jpg
Bio Link        http://www.tvmaze.com/people/22498/luke-macfarlane
Rating          -1              
Comments        default comments

[0;1mJane Adams[0m
ID              24936           
Score           29.00           
Query Name      jane            
Image URL       http://static.tvmaze.com/uploads/images/medium_portrait/7/17708.jpg
Bio Link        http://www.tvmaze.com/people/24936/jane-adams
Rating          -1              
Comments        default comments

[0;1mBilly Wood[0m
ID              25714           
Score           30.93           
Query Name      billy           
Image URL       defaultProfile.png
Bio Link        http://www.tvmaze.com/people/25714/billy-wood
Rating          -1              
Comments        default comments

[0;1mJoanna Strapp[0m
ID              26141           
Score           32.50           
Query Name      joanna          
Image URL       http://static.tvmaze.com/uploads/images/medium_portrait/8/20381.jpg
Bio Link        http://www.tvmaze.com/people/26141/joanna-strapp
Rating          -1              
Comments        default comments

[0;1mLuke Buckberrough[0m
ID              26356           
Score           30.62           
Query Name      luke            
Image URL       defaultProfile.png
Bio Link        http://www.tvmaze.com/people/26356/luke-buckberrough
Rating          -1              
Comments        default comments

[0;1mJoanna Bool[0m
ID              26593           
Score           32.50           
Query Name      joanna          
Image URL       defaultProfile.png
Bio Link        http://www.tvmaze.com/people/26593/joanna-bool
Rating          -1              
Comments        default comments

[0;1mMichael McDonald[0m
ID              26876           
Score           35.83           
Query Name      mcdonald        
Image URL       http://static.tvmaze.com/uploads/images/medium_portrait/14/36000.jpg
Bio Link        http://www.tvmaze.com/people/26876/michael-mcdonald
Rating          -1              
Comments        default comments

[0;1mJane Carr[0m
ID              28870           
Score           29.00           
Query Name      jane            
Image URL       http://static.tvmaze.com/uploads/images/medium_portrait/39/98679.jpg
Bio Link        http://www.tvmaze.com/people/28870/jane-carr
Rating          -1              
Comments        default comments

[0;1mJane Greer[0m
ID              29224           
Score           29.00           
Query Name      jane            
Image URL       defaultProfile.png
Bio Link        http://www.tvmaze.com/people/29224/jane-greer
Rating          -1              
Comments        default comments

[0;1mLuke Goss[0m
ID              29440           
Score           30.62           
Query Name      luke            
Image URL       http://static.tvmaze.com/uploads/images/medium_portrait/8/20416.jpg
Bio Link        http://www.tvmaze.com/people/29440/luke-goss
Rating          5               
Comments        default comments

[0;1mAlan D'Antoni[0m
ID              30329           
Score           27.67           
Query Name      alan            
Image URL       defaultProfile.png
Bio Link        http://www.tvmaze.com/people/30329/alan-dantoni
Rating          -1              
Comments        default comments

[0;1mShaun Majumder[0m
ID              30702           
Score           35.12           
Query Name      shaun           
Image URL       http://static.tvmaze.com/uploads/images/medium_portrait/9/24243.jpg
Bio Link        http://www.tvmaze.com/people/30702/shaun-majumder
Rating          -1              
Comments        default comments

[0;1mPatrick McDonald[0m
ID              30763           
Score           35.83           
Query Name      mcdonald        
Image URL       defaultProfile.png
Bio Link        http://www.tvmaze.com/people/30763/patrick-mcdonald
Rating          -1              
Comments        default comments

[0;1mJane Condon[0m
ID              30771           
Score           29.00           
Query Name      jane            
Image URL       defaultProfile.png
Bio Link        http://www.tvmaze.com/people/30771/jane-condon
Rating          -1              
Comments        default comments

[0;1mJoanna Leeds[0m
ID              31623           
Score           32.50           
Query Name      joanna          
Image URL       defaultProfile.png
Bio Link        http://www.tvmaze.com/people/31623/joanna-leeds
Rating          -1              
Comments        default comments

[0;1mHayes MacArthur[0m
ID              31790           
Score           45.57           
Query Name      macarthur       
Image URL       http://static.tvmaze.com/uploads/images/medium_portrait/61/153161.jpg
Bio Link        http://www.tvmaze.com/people/31790/hayes-macarthur
Rating          -1              
Comments        default comments

[0;1mJoanna Becker[0m
ID              32461           
Score           32.50           
Query Name      joanna          
Image URL       defaultProfile.png
Bio Link        http://www.tvmaze.com/people/32461/joanna-becker
Rating          -1              
Comments        default comments

[0;1mShaun Clay[0m
ID              32534           
Score           35.12           
Query Name      shaun           
Image URL       http://static.tvmaze.com/uploads/images/medium_portrait/83/207780.jpg
Bio Link        http://www.tvmaze.com/people/32534/shaun-clay
Rating          -1              
Comments        default comments

[0;1mLuke Stockalper[0m
ID              33706           
Score           30.62           
Query Name      luke            
Image URL       defaultProfile.png
Bio Link        http://www.tvmaze.com/people/33706/luke-stockalper
Rating          -1              
Comments        default comments

[0;1mLuke Mitchell[0m
ID              33790           
Score           30.62           
Query Name      luke            
Image URL       http://static.tvmaze.com/uploads/images/medium_portrait/3/8592.jpg
Bio Link        http://www.tvmaze.com/people/33790/luke-mitchell
Rating          -1              
Comments        default comments

[0;1mLuke Ganalon[0m
ID              35327           
Score           30.62           
Query Name      luke            
Image URL       defaultProfile.png
Bio Link        http://www.tvmaze.com/people/35327/luke-ganalon
Rating          -1              
Comments        default comments

[0;1mJane Moffat[0m
ID              35737           
Score           29.00           
Query Name      jane            
Image URL       http://static.tvmaze.com/uploads/images/medium_portrait/33/84362.jpg
Bio Link        http://www.tvmaze.com/people/35737/jane-moffat
Rating          -1              
Comments        default comments

[0;1mBilly Tilk[0m
ID              36490           
Score           30.93           
Query Name      billy           
Image URL       defaultProfile.png
Bio Link        http://www.tvmaze.com/people/36490/billy-tilk
Rating          -1              
Comments        default comments

[0;1mShaun Dooley[0m
ID              37862           
Score           35.12           
Query Name      shaun           
Image URL       http://static.tvmaze.com/uploads/images/medium_portrait/8/21439.jpg
Bio Link        http://www.tvmaze.com/people/37862/shaun-dooley
Rating          -1              
Comments        default comments

[0;1mJoanna Sanchez[0m
ID              38418           
Score           32.50           
Query Name      joanna          
Image URL       defaultProfile.png
Bio Link        http://www.tvmaze.com/people/38418/joanna-sanchez
Rating          -1              
Comments        default comments

[0;1mShaun Hennessy[0m
ID              38553           
Score           35.12           
Query Name      shaun           
Image URL       defaultProfile.png
Bio Link        http://www.tvmaze.com/people/38553/shaun-hennessy
Rating          -1              
Comments        default comments

[0;1mAlan Autry[0m
ID              38910           
Score           27.67           
Query Name      alan            
Image URL       http://static.tvmaze.com/uploads/images/medium_portrait/29/73366.jpg
Bio Link        http://www.tvmaze.com/people/38910/alan-autry
Rating          -1              
Comments        default comments

[0;1mBilly Parriott[0m
ID              41030           
Score           30.93           
Query Name      billy           
Image URL       defaultProfile.png
Bio Link        http://www.tvmaze.com/people/41030/billy-parriott
Rating          -1              
Comments        default comments

[0;1mShaun Brady[0m
ID              41725           
Score           35.12           
Query Name      shaun           
Image URL       defaultProfile.png
Bio Link        http://www.tvmaze.com/people/41725/shaun-brady
Rating          -1              
Comments        default comments

[0;1mAlan Metoskie[0m
ID              42016           
Score           27.67           
Query Name      alan            
Image URL       defaultProfile.png
Bio Link        http://www.tvmaze.com/people/42016/alan-metoskie
Rating          -1              
Comments        default comments

[0;1mShaun Himmerick[0m
ID              43500           
Score           35.12           
Query Name      shaun           
Image URL       defaultProfile.png
Bio Link        http://www.tvmaze.com/people/43500/shaun-himmerick
Rating          -1              
Comments        default comments

[0;1mRobin McDonald[0m
ID              45657           
Score           35.83           
Query Name      mcdonald        
Image URL       defaultProfile.png
Bio Link        http://www.tvmaze.com/people/45657/robin-mcdonald
Rating          -1              
Comments        default comments

[0;1mBilly Stone[0m
ID              45898           
Score           30.93           
Query Name      billy           
Image URL       defaultProfile.png
Bio Link        http://www.tvmaze.com/people/45898/billy-stone
Rating          -1              
Comments        default comments

[0;1mAlan Burnett[0m
ID              46547           
Score           27.67           
Query Name      alan            
Image URL       defaultProfile.png
Bio Link        http://www.tvmaze.com/people/46547/alan-burnett
Rating          -1              
Comments        default comments

[0;1mAlan Shearman[0m
ID              47836           
Score           27.67           
Query Name      alan            
Image URL       defaultProfile.png
Bio Link        http://www.tvmaze.com/people/47836/alan-shearman
Rating          -1              
Comments        default comments

[0;1mErin MacArthur[0m
ID              48281           
Score           45.57           
Query Name      macarthur       
Image URL       defaultProfile.png
Bio Link        http://www.tvmaze.com/people/48281/erin-macarthur
Rating          -1              
Comments        default comments

[0;1mBilly West[0m
ID              49026           
Score           30.93           
Query Name      billy           
Image URL       http://static.tvmaze.com/uploads/images/medium_portrait/4/11404.jpg
Bio Link        http://www.tvmaze.com/people/49026/billy-west
Rating          -1              
Comments        default comments

[0;1mShaun Cassidy[0m
ID              50431           
Score           35.12           
Query Name      shaun           
Image URL       defaultProfile.png
Bio Link        http://www.tvmaze.com/people/50431/shaun-cassidy
Rating          -1              
Comments        default comments

[0;1mJames MacArthur[0m
ID              51655           
Score           45.57           
Query Name      macarthur       
Image URL       http://static.tvmaze.com/uploads/images/medium_portrait/17/42951.jpg
Bio Link        http://www.tvmaze.com/people/51655/james-macarthur
Rating          -1              
Comments        default comments

[0;1mGary McDonald[0m
ID              54184           
Score           35.83           
Query Name      mcdonald        
Image URL       defaultProfile.png
Bio Link        http://www.tvmaze.com/people/54184/gary-mcdonald
Rating          -1              
Comments        default comments

[0;1mLynn McArthur[0m
ID              56687           
Score           7.66            
Query Name      macarthur       
Image URL       defaultProfile.png
Bio Link        http://www.tvmaze.com/people/56687/lynn-mcarthur
Rating          -1              
Comments        default comments

[0;1mStuart McDonald[0m
ID              56762           
Score           35.83           
Query Name      mcdonald        
Image URL       defaultProfile.png
Bio Link        http://www.tvmaze.com/people/56762/stuart-mcdonald
Rating          5               
Comments        default comments

[0;1mShaun Baker[0m
ID              60319           
Score           35.12           
Query Name      shaun           
Image URL       http://static.tvmaze.com/uploads/images/medium_portrait/12/30488.jpg
Bio Link        http://www.tvmaze.com/people/60319/shaun-baker
Rating          -1              
Comments        default comments

[0;1mShaun Micallef[0m
ID              64297           
Score           35.12           
Query Name      shaun           
Image URL       http://static.tvmaze.com/uploads/images/medium_portrait/27/69574.jpg
Bio Link        http://www.tvmaze.com/people/64297/shaun-micallef
Rating          -1              
Comments        default comments

[0;1mEdith MacArthur[0m
ID              78077           
Score           45.57           
Query Name      macarthur       
Image URL       defaultProfile.png
Bio Link        http://www.tvmaze.com/people/78077/edith-macarthur
Rating          -1              
Comments        default comments

[0;1mSean McDonald[0m
ID              80891           
Score           35.83           
Query Name      mcdonald        
Image URL       defaultProfile.png
Bio Link        http://www.tvmaze.com/people/80891/sean-mcdonald
Rating          -1              
Comments        default comments

[0;1mKevonte McDonald[0m
ID              81017           
Score           35.83           
Query Name      mcdonald        
Image URL       defaultProfile.png
Bio Link        http://www.tvmaze.com/people/81017/kevonte-mcdonald
Rating          -1              
Comments        default comments

[0;1mAmber MacArthur[0m
ID              127494          
Score           45.57           
Query Name      macarthur       
Image URL       defaultProfile.png
Bio Link        http://www.tvmaze.com/people/127494/amber-macarthur
Rating          -1              
Comments        default comments

[0;1mSweeney MacArthur[0m
ID              133772          
Score           45.57           
Query Name      macarthur       
Image URL       defaultProfile.png
Bio Link        http://www.tvmaze.com/people/133772/sweeney-macarthur
Rating          4               
Comments        I am Sweeney MacArthur

[0;1mCornelius Macarthy[0m
ID              161541          
Score           8.03            
Query Name      macarthur       
Image URL       defaultProfile.png
Bio Link        http://www.tvmaze.com/people/161541/cornelius-macarthy
Rating          -1              
Comments        default comments

[0;1mDavid MacArthur[0m
ID              165064          
Score           45.57           
Query Name      macarthur       
Image URL       defaultProfile.png
Bio Link        http://www.tvmaze.com/people/165064/david-macarthur
Rating          -1              
Comments        default comments

loadPersonStore
listPersonsByName
[0;1mAlan Autry[0m
ID              38910           
Score           27.67           
Query Name      alan            
Image URL       http://static.tvmaze.com/uploads/images/medium_portrait/29/73366.jpg
Bio Link        http://www.tvmaze.com/people/38910/alan-autry
Rating          -1              
Comments        default comments

[0;1mAlan Burnett[0m
ID              46547           
Score           27.67           
Query Name      alan            
Image URL       defaultProfile.png
Bio Link        http://www.tvmaze.com/people/46547/alan-burnett
Rating          -1              
Comments        default comments

[0;1mAlan D'Antoni[0m
ID              30329           
Score           27.67           
Query Name      alan            
Image URL       defaultProfile.png
Bio Link        http://www.tvmaze.com/people/30329/alan-dantoni
Rating          -1              
Comments        default comments

[0;1mAlan DiFiore[0m
ID              1531            
Score           27.67           
Query Name      alan            
Image URL       defaultProfile.png
Bio Link        http://www.tvmaze.com/people/1531/alan-difiore
Rating          -1              
Comments        default comments

[0;1mAlan McCullough[0m
ID              2477            
Score           27.67           
Query Name      alan            
Image URL       defaultProfile.png
Bio Link        http://www.tvmaze.com/people/2477/alan-mccullough
Rating          -1              
Comments        default comments

[0;1mAlan Metoskie[0m
ID              42016           
Score           27.67           
Query Name      alan            
Image URL       defaultProfile.png
Bio Link        http://www.tvmaze.com/people/42016/alan-metoskie
Rating          -1              
Comments        default comments

[0;1mAlan Metzger[0m
ID              18569           
Score           27.67           
Query Name      alan            
Image URL       defaultProfile.png
Bio Link        http://www.tvmaze.com/people/18569/alan-metzger
Rating          -1              
Comments        default comments

[0;1mAlan Shearman[0m
ID              47836           
Score           27.67           
Query Name      alan            
Image URL       defaultProfile.png
Bio Link        http://www.tvmaze.com/people/47836/alan-shearman
Rating          -1              
Comments        default comments

[0;1mAlan Tang[0m
ID              2264            
Score           27.67           
Query Name      alan            
Image URL       http://static.tvmaze.com/uploads/images/medium_portrait/1/3881.jpg
Bio Link        http://www.tvmaze.com/people/2264/alan-tang
Rating          -1              
Comments        default comments

[0;1mAmber MacArthur[0m
ID              127494          
Score           45.57           
Query Name      macarthur       
Image URL       defaultProfile.png
Bio Link        http://www.tvmaze.com/people/127494/amber-macarthur
Rating          -1              
Comments        default comments

[0;1mArtin John[0m
ID              452             
Score           19.68           
Query Name      john            
Image URL       http://static.tvmaze.com/uploads/images/medium_portrait/3/7665.jpg
Bio Link        http://www.tvmaze.com/people/452/artin-john
Rating          -1              
Comments        default comments

[0;1mBilly Eichner[0m
ID              21340           
Score           30.93           
Query Name      billy           
Image URL       http://static.tvmaze.com/uploads/images/medium_portrait/9/23360.jpg
Bio Link        http://www.tvmaze.com/people/21340/billy-eichner
Rating          -1              
Comments        default comments

[0;1mBilly Evans[0m
ID              14278           
Score           30.93           
Query Name      billy           
Image URL       defaultProfile.png
Bio Link        http://www.tvmaze.com/people/14278/billy-evans
Rating          -1              
Comments        default comments

[0;1mBilly Lush[0m
ID              19479           
Score           30.93           
Query Name      billy           
Image URL       http://static.tvmaze.com/uploads/images/medium_portrait/4/11998.jpg
Bio Link        http://www.tvmaze.com/people/19479/billy-lush
Rating          -1              
Comments        default comments

[0;1mBilly MacLellan[0m
ID              2472            
Score           30.93           
Query Name      billy           
Image URL       http://static.tvmaze.com/uploads/images/medium_portrait/10/25948.jpg
Bio Link        http://www.tvmaze.com/people/2472/billy-maclellan
Rating          -1              
Comments        default comments

[0;1mBilly Parriott[0m
ID              41030           
Score           30.93           
Query Name      billy           
Image URL       defaultProfile.png
Bio Link        http://www.tvmaze.com/people/41030/billy-parriott
Rating          -1              
Comments        default comments

[0;1mBilly Stone[0m
ID              45898           
Score           30.93           
Query Name      billy           
Image URL       defaultProfile.png
Bio Link        http://www.tvmaze.com/people/45898/billy-stone
Rating          -1              
Comments        default comments

[0;1mBilly Tilk[0m
ID              36490           
Score           30.93           
Query Name      billy           
Image URL       defaultProfile.png
Bio Link        http://www.tvmaze.com/people/36490/billy-tilk
Rating          -1              
Comments        default comments

[0;1mBilly West[0m
ID              49026           
Score           30.93           
Query Name      billy           
Image URL       http://static.tvmaze.com/uploads/images/medium_portrait/4/11404.jpg
Bio Link        http://www.tvmaze.com/people/49026/billy-west
Rating          -1              
Comments        default comments

[0;1mBilly Wirth[0m
ID              7659            
Score           30.93           
Query Name      billy           
Image URL       http://static.tvmaze.com/uploads/images/medium_portrait/29/73310.jpg
Bio Link        http://www.tvmaze.com/people/7659/billy-wirth
Rating          -1              
Comments        default comments

[0;1mBilly Wood[0m
ID              25714           
Score           30.93           
Query Name      billy           
Image URL       defaultProfile.png
Bio Link        http://www.tvmaze.com/people/25714/billy-wood
Rating          -1              
Comments        default comments

[0;1mBrenda McDonald[0m
ID              3640            
Score           35.83           
Query Name      mcdonald        
Image URL       defaultProfile.png
Bio Link        http://www.tvmaze.com/people/3640/brenda-mcdonald
Rating          -1              
Comments        default comments

[0;1mCornelius Macarthy[0m
ID              161541          
Score           8.03            
Query Name      macarthur       
Image URL       defaultProfile.png
Bio Link        http://www.tvmaze.com/people/161541/cornelius-macarthy
Rating          -1              
Comments        default comments

[0;1mDavid MacArthur[0m
ID              165064          
Score           45.57           
Query Name      macarthur       
Image URL       defaultProfile.png
Bio Link        http://www.tvmaze.com/people/165064/david-macarthur
Rating          -1              
Comments        default comments

[0;1mDevon Alan[0m
ID              21668           
Score           27.67           
Query Name      alan            
Image URL       defaultProfile.png
Bio Link        http://www.tvmaze.com/people/21668/devon-alan
Rating          -1              
Comments        default comments

[0;1mEdith MacArthur[0m
ID              78077           
Score           45.57           
Query Name      macarthur       
Image URL       defaultProfile.png
Bio Link        http://www.tvmaze.com/people/78077/edith-macarthur
Rating          -1              
Comments        default comments

[0;1mErin MacArthur[0m
ID              48281           
Score           45.57           
Query Name      macarthur       
Image URL       defaultProfile.png
Bio Link        http://www.tvmaze.com/people/48281/erin-macarthur
Rating          -1              
Comments        default comments

[0;1mGary McDonald[0m
ID              54184           
Score           35.83           
Query Name      mcdonald        
Image URL       defaultProfile.png
Bio Link        http://www.tvmaze.com/people/54184/gary-mcdonald
Rating          -1              
Comments        default comments

[0;1mHayes MacArthur[0m
ID              31790           
Score           45.57           
Query Name      macarthur       
Image URL       http://static.tvmaze.com/uploads/images/medium_portrait/61/153161.jpg
Bio Link        http://www.tvmaze.com/people/31790/hayes-macarthur
Rating          -1              
Comments        default comments

[0;1mJames MacArthur[0m
ID              51655           
Score           45.57           
Query Name      macarthur       
Image URL       http://static.tvmaze.com/uploads/images/medium_portrait/17/42951.jpg
Bio Link        http://www.tvmaze.com/people/51655/james-macarthur
Rating          -1              
Comments        default comments

[0;1mJane Adams[0m
ID              24936           
Score           29.00           
Query Name      jane            
Image URL       http://static.tvmaze.com/uploads/images/medium_portrait/7/17708.jpg
Bio Link        http://www.tvmaze.com/people/24936/jane-adams
Rating          -1              
Comments        default comments

[0;1mJane Alexander[0m
ID              18450           
Score           29.00           
Query Name      jane            
Image URL       http://static.tvmaze.com/uploads/images/medium_portrait/24/62456.jpg
Bio Link        http://www.tvmaze.com/people/18450/jane-alexander
Rating          -1              
Comments        default comments

[0;1mJane Carr[0m
ID              28870           
Score           29.00           
Query Name      jane            
Image URL       http://static.tvmaze.com/uploads/images/medium_portrait/39/98679.jpg
Bio Link        http://www.tvmaze.com/people/28870/jane-carr
Rating          -1              
Comments        default comments

[0;1mJane Condon[0m
ID              30771           
Score           29.00           
Query Name      jane            
Image URL       defaultProfile.png
Bio Link        http://www.tvmaze.com/people/30771/jane-condon
Rating          -1              
Comments        default comments

[0;1mJane Espenson[0m
ID              2939            
Score           29.00           
Query Name      jane            
Image URL       http://static.tvmaze.com/uploads/images/medium_portrait/37/94911.jpg
Bio Link        http://www.tvmaze.com/people/2939/jane-espenson
Rating          -1              
Comments        default comments

[0;1mJane Fergus[0m
ID              17525           
Score           29.00           
Query Name      jane            
Image URL       defaultProfile.png
Bio Link        http://www.tvmaze.com/people/17525/jane-fergus
Rating          -1              
Comments        default comments

[0;1mJane Greer[0m
ID              29224           
Score           29.00           
Query Name      jane            
Image URL       defaultProfile.png
Bio Link        http://www.tvmaze.com/people/29224/jane-greer
Rating          -1              
Comments        default comments

[0;1mJane Hajduk[0m
ID              8380            
Score           29.00           
Query Name      jane            
Image URL       defaultProfile.png
Bio Link        http://www.tvmaze.com/people/8380/jane-hajduk
Rating          -1              
Comments        default comments

[0;1mJane Moffat[0m
ID              35737           
Score           29.00           
Query Name      jane            
Image URL       http://static.tvmaze.com/uploads/images/medium_portrait/33/84362.jpg
Bio Link        http://www.tvmaze.com/people/35737/jane-moffat
Rating          -1              
Comments        default comments

[0;1mJane Nichols[0m
ID              20168           
Score           29.00           
Query Name      jane            
Image URL       defaultProfile.png
Bio Link        http://www.tvmaze.com/people/20168/jane-nichols
Rating          -1              
Comments        default comments

[0;1mJoanna Bacalso[0m
ID              2348            
Score           32.50           
Query Name      joanna          
Image URL       defaultProfile.png
Bio Link        http://www.tvmaze.com/people/2348/joanna-bacalso
Rating          -1              
Comments        default comments

[0;1mJoanna Becker[0m
ID              32461           
Score           32.50           
Query Name      joanna          
Image URL       defaultProfile.png
Bio Link        http://www.tvmaze.com/people/32461/joanna-becker
Rating          -1              
Comments        default comments

[0;1mJoanna Bool[0m
ID              26593           
Score           32.50           
Query Name      joanna          
Image URL       defaultProfile.png
Bio Link        http://www.tvmaze.com/people/26593/joanna-bool
Rating          -1              
Comments        default comments

[0;1mJoanna Flores[0m
ID              12647           
Score           32.50           
Query Name      joanna          
Image URL       defaultProfile.png
Bio Link        http://www.tvmaze.com/people/12647/joanna-flores
Rating          -1              
Comments        default comments

[0;1mJoanna Going[0m
ID              12579           
Score           32.50           
Query Name      joanna          
Image URL       http://static.tvmaze.com/uploads/images/medium_portrait/3/8027.jpg
Bio Link        http://www.tvmaze.com/people/12579/joanna-going
Rating          -1              
Comments        default comments

[0;1mJoanna Leeds[0m
ID              31623           
Score           32.50           
Query Name      joanna          
Image URL       defaultProfile.png
Bio Link        http://www.tvmaze.com/people/31623/joanna-leeds
Rating          -1              
Comments        default comments

[0;1mJoanna Liao[0m
ID              20614           
Score           32.50           
Query Name      joanna          
Image URL       defaultProfile.png
Bio Link        http://www.tvmaze.com/people/20614/joanna-liao
Rating          -1              
Comments        default comments

[0;1mJoanna Sanchez[0m
ID              38418           
Score           32.50           
Query Name      joanna          
Image URL       defaultProfile.png
Bio Link        http://www.tvmaze.com/people/38418/joanna-sanchez
Rating          -1              
Comments        default comments

[0;1mJoanna Strapp[0m
ID              26141           
Score           32.50           
Query Name      joanna          
Image URL       http://static.tvmaze.com/uploads/images/medium_portrait/8/20381.jpg
Bio Link        http://www.tvmaze.com/people/26141/joanna-strapp
Rating          -1              
Comments        default comments

[0;1mJoanna Wolff[0m
ID              18323           
Score           32.50           
Query Name      joanna          
Image URL       defaultProfile.png
Bio Link        http://www.tvmaze.com/people/18323/joanna-wolff
Rating          -1              
Comments        default comments

[0;1mJohn Behring[0m
ID              366             
Score           19.68           
Query Name      john            
Image URL       defaultProfile.png
Bio Link        http://www.tvmaze.com/people/366/john-behring
Rating          -1              
Comments        default comments

[0;1mJohn Bernecker[0m
ID              708             
Score           19.68           
Query Name      john            
Image URL       defaultProfile.png
Bio Link        http://www.tvmaze.com/people/708/john-bernecker
Rating          -1              
Comments        default comments

[0;1mJohn Casino[0m
ID              44              
Score           19.68           
Query Name      john            
Image URL       http://static.tvmaze.com/uploads/images/medium_portrait/4/10255.jpg
Bio Link        http://www.tvmaze.com/people/44/john-casino
Rating          -1              
Comments        default comments

[0;1mJohn Fawcett[0m
ID              253             
Score           19.68           
Query Name      john            
Image URL       defaultProfile.png
Bio Link        http://www.tvmaze.com/people/253/john-fawcett
Rating          -1              
Comments        default comments

[0;1mJohn Hainsworth[0m
ID              3496            
Score           19.68           
Query Name      john            
Image URL       defaultProfile.png
Bio Link        http://www.tvmaze.com/people/3496/john-hainsworth
Rating          -1              
Comments        default comments

[0;1mJohn Knox[0m
ID              1451            
Score           19.68           
Query Name      john            
Image URL       defaultProfile.png
Bio Link        http://www.tvmaze.com/people/1451/john-knox
Rating          -1              
Comments        default comments

[0;1mJohn Neisler[0m
ID              755             
Score           19.68           
Query Name      john            
Image URL       http://static.tvmaze.com/uploads/images/medium_portrait/2/6999.jpg
Bio Link        http://www.tvmaze.com/people/755/john-neisler
Rating          -1              
Comments        default comments

[0;1mJohn Treleaven[0m
ID              4335            
Score           19.68           
Query Name      john            
Image URL       http://static.tvmaze.com/uploads/images/medium_portrait/5/13853.jpg
Bio Link        http://www.tvmaze.com/people/4335/john-treleaven
Rating          -1              
Comments        default comments

[0;1mJohn Voth[0m
ID              4558            
Score           19.68           
Query Name      john            
Image URL       http://static.tvmaze.com/uploads/images/medium_portrait/5/13064.jpg
Bio Link        http://www.tvmaze.com/people/4558/john-voth
Rating          -1              
Comments        default comments

[0;1mJosh McDonald[0m
ID              16049           
Score           35.83           
Query Name      mcdonald        
Image URL       defaultProfile.png
Bio Link        http://www.tvmaze.com/people/16049/josh-mcdonald
Rating          -1              
Comments        default comments

[0;1mKate Dickie[0m
ID              14530           
Score           27.95           
Query Name      kate            
Image URL       http://static.tvmaze.com/uploads/images/medium_portrait/8/20527.jpg
Bio Link        http://www.tvmaze.com/people/14530/kate-dickie
Rating          -1              
Comments        default comments

[0;1mKate Frisbee[0m
ID              11893           
Score           27.95           
Query Name      kate            
Image URL       http://static.tvmaze.com/uploads/images/medium_portrait/4/11014.jpg
Bio Link        http://www.tvmaze.com/people/11893/kate-frisbee
Rating          -1              
Comments        default comments

[0;1mKate Garwood[0m
ID              5448            
Score           27.95           
Query Name      kate            
Image URL       defaultProfile.png
Bio Link        http://www.tvmaze.com/people/5448/kate-garwood
Rating          -1              
Comments        default comments

[0;1mKate Greenhouse[0m
ID              16075           
Score           27.95           
Query Name      kate            
Image URL       http://static.tvmaze.com/uploads/images/medium_portrait/28/70900.jpg
Bio Link        http://www.tvmaze.com/people/16075/kate-greenhouse
Rating          -1              
Comments        default comments

[0;1mKate Hamilton[0m
ID              13751           
Score           27.95           
Query Name      kate            
Image URL       defaultProfile.png
Bio Link        http://www.tvmaze.com/people/13751/kate-hamilton
Rating          -1              
Comments        default comments

[0;1mKate Herman[0m
ID              1392            
Score           27.95           
Query Name      kate            
Image URL       defaultProfile.png
Bio Link        http://www.tvmaze.com/people/1392/kate-herman
Rating          -1              
Comments        default comments

[0;1mKate Lacey[0m
ID              9190            
Score           27.95           
Query Name      kate            
Image URL       defaultProfile.png
Bio Link        http://www.tvmaze.com/people/9190/kate-lacey
Rating          -1              
Comments        default comments

[0;1mKate Mara[0m
ID              9491            
Score           27.95           
Query Name      kate            
Image URL       http://static.tvmaze.com/uploads/images/medium_portrait/2/6101.jpg
Bio Link        http://www.tvmaze.com/people/9491/kate-mara
Rating          -1              
Comments        default comments

[0;1mKate Rylie[0m
ID              12140           
Score           27.95           
Query Name      kate            
Image URL       defaultProfile.png
Bio Link        http://www.tvmaze.com/people/12140/kate-rylie
Rating          -1              
Comments        default comments

[0;1mKate Vernon[0m
ID              852             
Score           27.95           
Query Name      kate            
Image URL       http://static.tvmaze.com/uploads/images/medium_portrait/1/4551.jpg
Bio Link        http://www.tvmaze.com/people/852/kate-vernon
Rating          -1              
Comments        default comments

[0;1mKerri Paul[0m
ID              3121            
Score           22.06           
Query Name      paul            
Image URL       defaultProfile.png
Bio Link        http://www.tvmaze.com/people/3121/kerri-paul
Rating          -1              
Comments        default comments

[0;1mKevonte McDonald[0m
ID              81017           
Score           35.83           
Query Name      mcdonald        
Image URL       defaultProfile.png
Bio Link        http://www.tvmaze.com/people/81017/kevonte-mcdonald
Rating          -1              
Comments        default comments

[0;1mLuke Adams[0m
ID              3049            
Score           30.62           
Query Name      luke            
Image URL       defaultProfile.png
Bio Link        http://www.tvmaze.com/people/3049/luke-adams
Rating          -1              
Comments        default comments

[0;1mLuke Buckberrough[0m
ID              26356           
Score           30.62           
Query Name      luke            
Image URL       defaultProfile.png
Bio Link        http://www.tvmaze.com/people/26356/luke-buckberrough
Rating          -1              
Comments        default comments

[0;1mLuke Ganalon[0m
ID              35327           
Score           30.62           
Query Name      luke            
Image URL       defaultProfile.png
Bio Link        http://www.tvmaze.com/people/35327/luke-ganalon
Rating          -1              
Comments        default comments

[0;1mLuke Goss[0m
ID              29440           
Score           30.62           
Query Name      luke            
Image URL       http://static.tvmaze.com/uploads/images/medium_portrait/8/20416.jpg
Bio Link        http://www.tvmaze.com/people/29440/luke-goss
Rating          5               
Comments        default comments

[0;1mLuke Kirby[0m
ID              17824           
Score           30.62           
Query Name      luke            
Image URL       http://static.tvmaze.com/uploads/images/medium_portrait/71/179790.jpg
Bio Link        http://www.tvmaze.com/people/17824/luke-kirby
Rating          -1              
Comments        default comments

[0;1mLuke Kleintank[0m
ID              16418           
Score           30.62           
Query Name      luke            
Image URL       http://static.tvmaze.com/uploads/images/medium_portrait/10/26051.jpg
Bio Link        http://www.tvmaze.com/people/16418/luke-kleintank
Rating          -1              
Comments        default comments

[0;1mLuke Loving[0m
ID              14028           
Score           30.62           
Query Name      luke            
Image URL       defaultProfile.png
Bio Link        http://www.tvmaze.com/people/14028/luke-loving
Rating          -1              
Comments        default comments

[0;1mLuke MacFarlane[0m
ID              22498           
Score           30.62           
Query Name      luke            
Image URL       http://static.tvmaze.com/uploads/images/medium_portrait/10/25634.jpg
Bio Link        http://www.tvmaze.com/people/22498/luke-macfarlane
Rating          -1              
Comments        default comments

[0;1mLuke Mitchell[0m
ID              33790           
Score           30.62           
Query Name      luke            
Image URL       http://static.tvmaze.com/uploads/images/medium_portrait/3/8592.jpg
Bio Link        http://www.tvmaze.com/people/33790/luke-mitchell
Rating          -1              
Comments        default comments

[0;1mLuke Stockalper[0m
ID              33706           
Score           30.62           
Query Name      luke            
Image URL       defaultProfile.png
Bio Link        http://www.tvmaze.com/people/33706/luke-stockalper
Rating          -1              
Comments        default comments

[0;1mLynn McArthur[0m
ID              56687           
Score           7.66            
Query Name      macarthur       
Image URL       defaultProfile.png
Bio Link        http://www.tvmaze.com/people/56687/lynn-mcarthur
Rating          -1              
Comments        default comments

[0;1mMichael McDonald[0m
ID              26876           
Score           35.83           
Query Name      mcdonald        
Image URL       http://static.tvmaze.com/uploads/images/medium_portrait/14/36000.jpg
Bio Link        http://www.tvmaze.com/people/26876/michael-mcdonald
Rating          -1              
Comments        default comments

[0;1mNicholas McDonald[0m
ID              11511           
Score           35.83           
Query Name      mcdonald        
Image URL       defaultProfile.png
Bio Link        http://www.tvmaze.com/people/11511/nicholas-mcdonald
Rating          -1              
Comments        default comments

[0;1mPatrick McDonald[0m
ID              30763           
Score           35.83           
Query Name      mcdonald        
Image URL       defaultProfile.png
Bio Link        http://www.tvmaze.com/people/30763/patrick-mcdonald
Rating          -1              
Comments        default comments

[0;1mPaul Amos[0m
ID              2308            
Score           22.06           
Query Name      paul            
Image URL       http://static.tvmaze.com/uploads/images/medium_portrait/54/136059.jpg
Bio Link        http://www.tvmaze.com/people/2308/paul-amos
Rating          -1              
Comments        default comments

[0;1mPaul Andrich[0m
ID              4054            
Score           22.06           
Query Name      paul            
Image URL       http://static.tvmaze.com/uploads/images/medium_portrait/5/14162.jpg
Bio Link        http://www.tvmaze.com/people/4054/paul-andrich
Rating          -1              
Comments        default comments

[0;1mPaul Batten[0m
ID              4523            
Score           22.06           
Query Name      paul            
Image URL       http://static.tvmaze.com/uploads/images/medium_portrait/5/13148.jpg
Bio Link        http://www.tvmaze.com/people/4523/paul-batten
Rating          -1              
Comments        default comments

[0;1mPaul Duchart[0m
ID              2813            
Score           22.06           
Query Name      paul            
Image URL       http://static.tvmaze.com/uploads/images/medium_portrait/5/14101.jpg
Bio Link        http://www.tvmaze.com/people/2813/paul-duchart
Rating          -1              
Comments        default comments

[0;1mPaul Holahan[0m
ID              4899            
Score           22.06           
Query Name      paul            
Image URL       defaultProfile.png
Bio Link        http://www.tvmaze.com/people/4899/paul-holahan
Rating          -1              
Comments        default comments

[0;1mPaul McGillion[0m
ID              3007            
Score           22.06           
Query Name      paul            
Image URL       http://static.tvmaze.com/uploads/images/medium_portrait/69/172938.jpg
Bio Link        http://www.tvmaze.com/people/3007/paul-mcgillion
Rating          -1              
Comments        default comments

[0;1mPaul Rapovski[0m
ID              2243            
Score           22.06           
Query Name      paul            
Image URL       http://static.tvmaze.com/uploads/images/medium_portrait/2/5710.jpg
Bio Link        http://www.tvmaze.com/people/2243/paul-rapovski
Rating          -1              
Comments        default comments

[0;1mPaul Rolfes[0m
ID              1099            
Score           22.06           
Query Name      paul            
Image URL       http://static.tvmaze.com/uploads/images/medium_portrait/2/6315.jpg
Bio Link        http://www.tvmaze.com/people/1099/paul-rolfes
Rating          -1              
Comments        default comments

[0;1mPaul Root[0m
ID              1760            
Score           22.06           
Query Name      paul            
Image URL       http://static.tvmaze.com/uploads/images/medium_portrait/54/135656.jpg
Bio Link        http://www.tvmaze.com/people/1760/paul-root
Rating          -1              
Comments        default comments

[0;1mRobin McDonald[0m
ID              45657           
Score           35.83           
Query Name      mcdonald        
Image URL       defaultProfile.png
Bio Link        http://www.tvmaze.com/people/45657/robin-mcdonald
Rating          -1              
Comments        default comments

[0;1mScott MacArthur[0m
ID              10656           
Score           45.57           
Query Name      macarthur       
Image URL       http://static.tvmaze.com/uploads/images/medium_portrait/89/222591.jpg
Bio Link        http://www.tvmaze.com/people/10656/scott-macarthur
Rating          -1              
Comments        default comments

[0;1mSean McDonald[0m
ID              80891           
Score           35.83           
Query Name      mcdonald        
Image URL       defaultProfile.png
Bio Link        http://www.tvmaze.com/people/80891/sean-mcdonald
Rating          -1              
Comments        default comments

[0;1mShaun Baker[0m
ID              60319           
Score           35.12           
Query Name      shaun           
Image URL       http://static.tvmaze.com/uploads/images/medium_portrait/12/30488.jpg
Bio Link        http://www.tvmaze.com/people/60319/shaun-baker
Rating          -1              
Comments        default comments

[0;1mShaun Brady[0m
ID              41725           
Score           35.12           
Query Name      shaun           
Image URL       defaultProfile.png
Bio Link        http://www.tvmaze.com/people/41725/shaun-brady
Rating          -1              
Comments        default comments

[0;1mShaun Cassidy[0m
ID              50431           
Score           35.12           
Query Name      shaun           
Image URL       defaultProfile.png
Bio Link        http://www.tvmaze.com/people/50431/shaun-cassidy
Rating          -1              
Comments        default comments

[0;1mShaun Clay[0m
ID              32534           
Score           35.12           
Query Name      shaun           
Image URL       http://static.tvmaze.com/uploads/images/medium_portrait/83/207780.jpg
Bio Link        http://www.tvmaze.com/people/32534/shaun-clay
Rating          -1              
Comments        default comments

[0;1mShaun Dooley[0m
ID              37862           
Score           35.12           
Query Name      shaun           
Image URL       http://static.tvmaze.com/uploads/images/medium_portrait/8/21439.jpg
Bio Link        http://www.tvmaze.com/people/37862/shaun-dooley
Rating          -1              
Comments        default comments

[0;1mShaun Hennessy[0m
ID              38553           
Score           35.12           
Query Name      shaun           
Image URL       defaultProfile.png
Bio Link        http://www.tvmaze.com/people/38553/shaun-hennessy
Rating          -1              
Comments        default comments

[0;1mShaun Himmerick[0m
ID              43500           
Score           35.12           
Query Name      shaun           
Image URL       defaultProfile.png
Bio Link        http://www.tvmaze.com/people/43500/shaun-himmerick
Rating          -1              
Comments        default comments

[0;1mShaun Majumder[0m
ID              30702           
Score           35.12           
Query Name      shaun           
Image URL       http://static.tvmaze.com/uploads/images/medium_portrait/9/24243.jpg
Bio Link        http://www.tvmaze.com/people/30702/shaun-majumder
Rating          -1              
Comments        default comments

[0;1mShaun Micallef[0m
ID              64297           
Score           35.12           
Query Name      shaun           
Image URL       http://static.tvmaze.com/uploads/images/medium_portrait/27/69574.jpg
Bio Link        http://www.tvmaze.com/people/64297/shaun-micallef
Rating          -1              
Comments        default comments

[0;1mShaun Powell[0m
ID              20018           
Score           35.12           
Query Name      shaun           
Image URL       defaultProfile.png
Bio Link        http://www.tvmaze.com/people/20018/shaun-powell
Rating          -1              
Comments        default comments

[0;1mStuart McDonald[0m
ID              56762           
Score           35.83           
Query Name      mcdonald        
Image URL       defaultProfile.png
Bio Link        http://www.tvmaze.com/people/56762/stuart-mcdonald
Rating          5               
Comments        default comments

[0;1mSweeney MacArthur[0m
ID              133772          
Score           45.57           
Query Name      macarthur       
Image URL       defaultProfile.png
Bio Link        http://www.tvmaze.com/people/133772/sweeney-macarthur
Rating          4               
Comments        I am Sweeney MacArthur

]]></system-out>
  <system-err><![CDATA[]]></system-err>
</testsuite>
